2024-10-18 17:22:42 - INFO - Початок роботи програми
2024-10-18 17:22:42 - INFO - Завантаження даних з файлу
2024-10-18 17:22:42 - INFO - Дані завантажено: ./Raw_data/Raw_data_2024-10-15_12-16-17.csv
2024-10-18 17:22:42 - INFO - Перейменування стовпців
2024-10-18 17:22:42 - INFO - Нормалізація стовпця Series
2024-10-18 17:22:42 - INFO - Нормалізація стовпця Price_zl
2024-10-18 17:22:42 - INFO - Нормалізація стовпця Screen_Diagonal_inches
2024-10-18 17:22:42 - INFO - Нормалізація та створення стовпців Processor та Processor Cores
2024-10-18 17:22:42 - INFO - Нормалізація стовпця RAM_Memory_GB
2024-10-18 17:22:42 - INFO - Нормалізація стовпця SSD_Capacity_GB
2024-10-18 17:22:42 - INFO - Нормалізація стовпця Battery_Capacity_Wh
2024-10-18 17:22:42 - INFO - Нормалізація та створення стовпців Network_Cards_Wi-Fi та Network_Cards_Bluetooth_Version
2024-10-18 17:22:42 - INFO - Створення нового порядку колонок
2024-10-18 17:22:42 - INFO - Збереження очищених даних до CSV
2024-10-18 17:22:42 - INFO - Дані успішно збережено у файл: Processed_data/cleaned_2024-10-18_17-22-42_data_from_file_(Raw_data_2024-10-15_12-16-17).csv
2024-10-18 17:23:16 - INFO - Початок роботи програми
2024-10-18 17:23:16 - INFO - Завантаження даних з файлу
2024-10-18 17:23:16 - INFO - Дані завантажено: ./Raw_data/Raw_data_2024-10-15_12-16-17.csv
2024-10-18 17:23:16 - INFO - Перейменування стовпців
2024-10-18 17:23:16 - INFO - Нормалізація стовпця Series
2024-10-18 17:23:16 - INFO - Нормалізація стовпця Price_zl
2024-10-18 17:23:16 - INFO - Нормалізація стовпця Screen_Diagonal_inches
2024-10-18 17:23:16 - INFO - Нормалізація та створення стовпців Processor та Processor Cores
2024-10-18 17:23:16 - INFO - Нормалізація стовпця RAM_Memory_GB
2024-10-18 17:23:16 - INFO - Нормалізація стовпця SSD_Capacity_GB
2024-10-18 17:23:16 - INFO - Нормалізація стовпця Battery_Capacity_Wh
2024-10-18 17:23:16 - INFO - Нормалізація та створення стовпців Network_Cards_Wi-Fi та Network_Cards_Bluetooth_Version
2024-10-18 17:23:16 - INFO - Створення нового порядку колонок
2024-10-18 17:23:16 - INFO - Збереження очищених даних до CSV
2024-10-18 17:23:16 - INFO - Дані успішно збережено у файл: Processed_data/cleaned_2024-10-18_17-23-16_data_from_file_(Raw_data_2024-10-15_12-16-17).csv
2024-10-18 17:23:36 - INFO - Початок роботи програми
2024-10-18 17:23:36 - INFO - Завантаження даних з файлу
2024-10-18 17:23:36 - INFO - Дані завантажено: ./Raw_data/Raw_data_2024-10-15_12-16-17.csv
2024-10-18 17:23:36 - INFO - Перейменування стовпців
2024-10-18 17:23:36 - INFO - Нормалізація стовпця Series
2024-10-18 17:23:36 - INFO - Нормалізація стовпця Price_zl
2024-10-18 17:23:36 - INFO - Нормалізація стовпця Screen_Diagonal_inches
2024-10-18 17:23:36 - INFO - Нормалізація та створення стовпців Processor та Processor Cores
2024-10-18 17:23:36 - INFO - Нормалізація стовпця RAM_Memory_GB
2024-10-18 17:23:36 - INFO - Нормалізація стовпця SSD_Capacity_GB
2024-10-18 17:23:36 - INFO - Нормалізація стовпця Battery_Capacity_Wh
2024-10-18 17:23:36 - INFO - Нормалізація та створення стовпців Network_Cards_Wi-Fi та Network_Cards_Bluetooth_Version
2024-10-18 17:23:36 - INFO - Створення нового порядку колонок
2024-10-18 17:23:36 - INFO - Збереження очищених даних до CSV
2024-10-18 17:23:36 - INFO - Дані успішно збережено у файл: Processed_data/cleaned_2024-10-18_17-23-36_data_from_file_(Raw_data_2024-10-15_12-16-17).csv
2024-10-18 17:25:56 - INFO - ----------Початок роботи програми----------
2024-10-18 17:25:56 - INFO - Завантаження даних з файлу
2024-10-18 17:25:56 - INFO - Дані завантажено: ./Raw_data/Raw_data_2024-10-15_12-16-17.csv
2024-10-18 17:25:56 - INFO - Перейменування стовпців
2024-10-18 17:25:56 - INFO - Нормалізація стовпця Series
2024-10-18 17:25:56 - INFO - Нормалізація стовпця Price_zl
2024-10-18 17:25:56 - INFO - Нормалізація стовпця Screen_Diagonal_inches
2024-10-18 17:25:56 - INFO - Нормалізація та створення стовпців Processor та Processor Cores
2024-10-18 17:25:56 - INFO - Нормалізація стовпця RAM_Memory_GB
2024-10-18 17:25:56 - INFO - Нормалізація стовпця SSD_Capacity_GB
2024-10-18 17:25:56 - INFO - Нормалізація стовпця Battery_Capacity_Wh
2024-10-18 17:25:56 - INFO - Нормалізація та створення стовпців Network_Cards_Wi-Fi та Network_Cards_Bluetooth_Version
2024-10-18 17:25:56 - INFO - Створення нового порядку колонок
2024-10-18 17:25:56 - INFO - Збереження очищених даних до CSV
2024-10-18 17:25:56 - INFO - -----------------------------------------------Дані успішно збережено у файл---------------------------: Processed_data/cleaned_2024-10-18_17-25-56_data_from_file_(Raw_data_2024-10-15_12-16-17).csv
2024-10-18 17:26:46 - INFO - ----------Початок роботи програми
2024-10-18 17:26:46 - INFO - Завантаження даних з файлу
2024-10-18 17:26:46 - INFO - Дані завантажено: ./Raw_data/Raw_data_2024-10-15_12-16-17.csv
2024-10-18 17:26:46 - INFO - Перейменування стовпців
2024-10-18 17:26:46 - INFO - Нормалізація стовпця Series
2024-10-18 17:26:46 - INFO - Нормалізація стовпця Price_zl
2024-10-18 17:26:46 - INFO - Нормалізація стовпця Screen_Diagonal_inches
2024-10-18 17:26:46 - INFO - Нормалізація та створення стовпців Processor та Processor Cores
2024-10-18 17:26:46 - INFO - Нормалізація стовпця RAM_Memory_GB
2024-10-18 17:26:46 - INFO - Нормалізація стовпця SSD_Capacity_GB
2024-10-18 17:26:46 - INFO - Нормалізація стовпця Battery_Capacity_Wh
2024-10-18 17:26:46 - INFO - Нормалізація та створення стовпців Network_Cards_Wi-Fi та Network_Cards_Bluetooth_Version
2024-10-18 17:26:46 - INFO - Створення нового порядку колонок
2024-10-18 17:26:46 - INFO - Збереження очищених даних до CSV
2024-10-18 17:26:46 - INFO - ----------Дані успішно збережено у файл: Processed_data/cleaned_2024-10-18_17-26-46_data_from_file_(Raw_data_2024-10-15_12-16-17).csv
2024-10-18 17:55:11 - INFO - ----------Початок роботи програми
2024-10-18 17:55:11 - INFO - Завантаження даних з файлу
2024-10-18 17:55:11 - INFO - Дані завантажено: ./Raw_data/Raw_data_2024-10-15_12-16-17.csv
2024-10-18 17:55:11 - INFO - Перейменування стовпців
2024-10-18 17:55:11 - INFO - Нормалізація стовпця Series
2024-10-18 17:55:11 - INFO - Нормалізація стовпця Price_zl
2024-10-18 17:55:11 - INFO - Нормалізація стовпця Screen_Diagonal_inches
2024-10-18 17:55:11 - INFO - Нормалізація та створення стовпців Processor та Processor Cores
2024-10-18 17:55:11 - INFO - Нормалізація стовпця RAM_Memory_GB
2024-10-18 17:55:11 - INFO - Нормалізація стовпця SSD_Capacity_GB
2024-10-18 17:55:11 - INFO - Нормалізація стовпця Battery_Capacity_Wh
2024-10-18 17:55:11 - INFO - Нормалізація та створення стовпців Network_Cards_Wi-Fi та Network_Cards_Bluetooth_Version
2024-10-18 17:55:11 - INFO - Створення нового порядку колонок
2024-10-18 17:55:11 - INFO - Збереження очищених даних до CSV
2024-10-18 17:55:12 - INFO - ----------Дані успішно збережено у файл: Processed_data/cleaned_2024-10-18_17-55-11_data_from_file_(Raw_data_2024-10-15_12-16-17).csv
2024-10-18 17:55:37 - INFO - ----------Початок роботи програми
2024-10-18 17:55:37 - INFO - Завантаження даних з файлу
2024-10-18 17:55:37 - INFO - Дані завантажено: ./Raw_data/Raw_data_2024-10-15_12-16-17.csv
2024-10-18 17:55:37 - INFO - Перейменування стовпців
2024-10-18 17:55:37 - INFO - Нормалізація стовпця Series
2024-10-18 17:55:37 - INFO - Нормалізація стовпця Price_zl
2024-10-18 17:55:37 - INFO - Нормалізація стовпця Screen_Diagonal_inches
2024-10-18 17:55:37 - INFO - Нормалізація та створення стовпців Processor та Processor Cores
2024-10-18 17:55:37 - INFO - Нормалізація стовпця RAM_Memory_GB
2024-10-18 17:55:37 - INFO - Нормалізація стовпця SSD_Capacity_GB
2024-10-18 17:55:37 - INFO - Нормалізація стовпця Battery_Capacity_Wh
2024-10-18 17:55:37 - INFO - Нормалізація та створення стовпців Network_Cards_Wi-Fi та Network_Cards_Bluetooth_Version
2024-10-18 17:55:37 - INFO - Створення нового порядку колонок
2024-10-18 17:55:37 - INFO - Збереження очищених даних до CSV
2024-10-18 17:55:37 - INFO - ----------Дані успішно збережено у файл: Processed_data/cleaned_2024-10-18_17-55-37_data_from_file_(Raw_data_2024-10-15_12-16-17).csv
2024-10-18 17:58:07 - INFO - ----------Початок роботи програми
2024-10-18 17:58:07 - INFO - Завантаження даних з файлу
2024-10-18 17:58:07 - INFO - Дані завантажено: ./Raw_data/Raw_data_2024-10-15_12-16-17.csv
2024-10-18 17:58:07 - INFO - Перейменування стовпців
2024-10-18 17:58:07 - INFO - Нормалізація стовпця Series
2024-10-18 17:58:07 - INFO - Нормалізація стовпця Price_zl
2024-10-18 17:58:07 - INFO - Нормалізація стовпця Screen_Diagonal_inches
2024-10-18 17:58:07 - INFO - Нормалізація та створення стовпців Processor та Processor Cores
2024-10-18 17:58:07 - INFO - Нормалізація стовпця RAM_Memory_GB
2024-10-18 17:58:07 - INFO - Нормалізація стовпця SSD_Capacity_GB
2024-10-18 17:58:07 - INFO - Нормалізація стовпця Battery_Capacity_Wh
2024-10-18 17:58:07 - INFO - Нормалізація та створення стовпців Network_Cards_Wi-Fi та Network_Cards_Bluetooth_Version
2024-10-18 17:58:07 - INFO - Створення нового порядку колонок
2024-10-18 17:58:07 - INFO - Збереження очищених даних до CSV
2024-10-18 17:58:07 - INFO - ----------Дані успішно збережено у файл: ./Processed_data/cleaned_2024-10-18_17-58-07_data_from_file_(Raw_data_2024-10-15_12-16-17).csv
