2024-10-18 18:06:26 - INFO - --------Початок збору даних по продуктам
2024-10-18 18:06:29 - INFO - Успішне підключення до https://rozetka.pl/laptopy-80004/c80004/page={page};producer=apple/
2024-10-18 18:06:29 - INFO - Знайдено останню сторінку з продуктами
2024-10-18 18:06:30 - INFO - Успішне підключення до https://rozetka.pl/laptopy-80004/c80004/page={1};producer=apple/
2024-10-18 18:06:30 - INFO - Посилання на продукт отримано успішно
2024-10-18 18:06:31 - INFO - Успішне підключення до https://rozetka.pl/392937219/p392937219/
2024-10-18 18:06:31 - INFO - Отримано посилання на специфікацію продукту
2024-10-18 18:06:32 - INFO - Успішне підключення до https://rozetka.pl/392937219/p392937219/characteristics/
2024-10-18 18:06:32 - INFO - Хедери зібрані успішно
2024-10-18 18:06:32 - INFO - Посилання на продукт отримано успішно
2024-10-18 18:06:33 - INFO - Успішне підключення до https://rozetka.pl/392937219/p392937219/
2024-10-18 18:06:33 - INFO - Отримано посилання на специфікацію продукту
2024-10-18 18:06:33 - INFO - Успішне підключення до https://rozetka.pl/392937219/p392937219/characteristics/
2024-10-18 18:06:33 - INFO - Детальна специфікація продукту отримана успішно
2024-10-18 18:06:33 - INFO - Назва продукту отримана успішно
2024-10-18 18:06:33 - INFO - Ціна продукту отримана успішно
2024-10-18 18:06:33 - INFO - Посилання на продукт отримано успішно
2024-10-18 18:06:34 - INFO - Успішне підключення до https://rozetka.pl/407540199/p407540199/
2024-10-18 18:06:34 - INFO - Отримано посилання на специфікацію продукту
2024-10-18 18:06:35 - INFO - Успішне підключення до https://rozetka.pl/407540199/p407540199/characteristics/
2024-10-18 18:06:35 - INFO - Детальна специфікація продукту отримана успішно
2024-10-18 18:06:35 - INFO - Назва продукту отримана успішно
2024-10-18 18:06:35 - INFO - Ціна продукту отримана успішно
2024-10-18 18:06:35 - INFO - Посилання на продукт отримано успішно
2024-10-18 18:06:35 - INFO - Успішне підключення до https://rozetka.pl/398797965/p398797965/
2024-10-18 18:06:35 - INFO - Отримано посилання на специфікацію продукту
2024-10-18 18:06:36 - INFO - Успішне підключення до https://rozetka.pl/398797965/p398797965/characteristics/
2024-10-18 18:06:36 - INFO - Детальна специфікація продукту отримана успішно
2024-10-18 18:06:36 - INFO - Назва продукту отримана успішно
2024-10-18 18:06:36 - INFO - Ціна продукту отримана успішно
2024-10-18 18:06:36 - INFO - Посилання на продукт отримано успішно
2024-10-18 18:06:37 - INFO - Успішне підключення до https://rozetka.pl/384471462/p384471462/
2024-10-18 18:06:37 - INFO - Отримано посилання на специфікацію продукту
2024-10-18 18:06:38 - INFO - Успішне підключення до https://rozetka.pl/384471462/p384471462/characteristics/
2024-10-18 18:06:38 - INFO - Детальна специфікація продукту отримана успішно
2024-10-18 18:06:38 - INFO - Назва продукту отримана успішно
2024-10-18 18:06:38 - INFO - Ціна продукту отримана успішно
2024-10-18 18:06:38 - INFO - Посилання на продукт отримано успішно
2024-10-18 18:06:39 - INFO - Успішне підключення до https://rozetka.pl/451385288/p451385288/
2024-10-18 18:06:39 - INFO - Отримано посилання на специфікацію продукту
2024-10-18 18:06:39 - INFO - Успішне підключення до https://rozetka.pl/451385288/p451385288/characteristics/
2024-10-18 18:06:39 - INFO - Детальна специфікація продукту отримана успішно
2024-10-18 18:06:39 - INFO - Назва продукту отримана успішно
2024-10-18 18:06:39 - INFO - Ціна продукту отримана успішно
2024-10-18 18:06:39 - INFO - Посилання на продукт отримано успішно
2024-10-18 18:06:40 - INFO - Успішне підключення до https://rozetka.pl/451391396/p451391396/
2024-10-18 18:06:40 - INFO - Отримано посилання на специфікацію продукту
2024-10-18 18:06:41 - INFO - Успішне підключення до https://rozetka.pl/451391396/p451391396/characteristics/
2024-10-18 18:06:41 - INFO - Детальна специфікація продукту отримана успішно
2024-10-18 18:06:41 - INFO - Назва продукту отримана успішно
2024-10-18 18:06:41 - INFO - Ціна продукту отримана успішно
2024-10-18 18:06:41 - INFO - Посилання на продукт отримано успішно
2024-10-18 18:06:42 - INFO - Успішне підключення до https://rozetka.pl/451391366/p451391366/
2024-10-18 18:06:42 - INFO - Отримано посилання на специфікацію продукту
2024-10-18 18:06:42 - INFO - Успішне підключення до https://rozetka.pl/451391366/p451391366/characteristics/
2024-10-18 18:06:42 - INFO - Детальна специфікація продукту отримана успішно
2024-10-18 18:06:42 - INFO - Назва продукту отримана успішно
2024-10-18 18:06:42 - INFO - Ціна продукту отримана успішно
2024-10-18 18:06:42 - INFO - Посилання на продукт отримано успішно
2024-10-18 18:06:43 - INFO - Успішне підключення до https://rozetka.pl/451385606/p451385606/
2024-10-18 18:06:43 - INFO - Отримано посилання на специфікацію продукту
2024-10-18 18:06:44 - INFO - Успішне підключення до https://rozetka.pl/451385606/p451385606/characteristics/
2024-10-18 18:06:44 - INFO - Детальна специфікація продукту отримана успішно
2024-10-18 18:06:44 - INFO - Назва продукту отримана успішно
2024-10-18 18:06:44 - INFO - Ціна продукту отримана успішно
2024-10-18 18:06:44 - INFO - Посилання на продукт отримано успішно
2024-10-18 18:06:45 - INFO - Успішне підключення до https://rozetka.pl/433896638/p433896638/
2024-10-18 18:06:45 - INFO - Отримано посилання на специфікацію продукту
2024-10-18 18:06:45 - INFO - Успішне підключення до https://rozetka.pl/433896638/p433896638/characteristics/
2024-10-18 18:06:45 - INFO - Детальна специфікація продукту отримана успішно
2024-10-18 18:06:45 - INFO - Назва продукту отримана успішно
2024-10-18 18:06:45 - INFO - Ціна продукту отримана успішно
2024-10-18 18:06:45 - INFO - Посилання на продукт отримано успішно
2024-10-18 18:06:46 - INFO - Успішне підключення до https://rozetka.pl/425473497/p425473497/
2024-10-18 18:06:46 - INFO - Отримано посилання на специфікацію продукту
2024-10-18 18:06:47 - INFO - Успішне підключення до https://rozetka.pl/425473497/p425473497/characteristics/
2024-10-18 18:06:47 - INFO - Детальна специфікація продукту отримана успішно
2024-10-18 18:06:47 - INFO - Назва продукту отримана успішно
2024-10-18 18:06:47 - INFO - Ціна продукту отримана успішно
2024-10-18 18:06:47 - INFO - Посилання на продукт отримано успішно
2024-10-18 18:06:48 - INFO - Успішне підключення до https://rozetka.pl/426645867/p426645867/
2024-10-18 18:06:48 - INFO - Отримано посилання на специфікацію продукту
2024-10-18 18:06:48 - INFO - Успішне підключення до https://rozetka.pl/426645867/p426645867/characteristics/
2024-10-18 18:06:48 - INFO - Детальна специфікація продукту отримана успішно
2024-10-18 18:06:48 - INFO - Назва продукту отримана успішно
2024-10-18 18:06:48 - INFO - Ціна продукту отримана успішно
2024-10-18 18:06:48 - INFO - Посилання на продукт отримано успішно
2024-10-18 18:06:49 - INFO - Успішне підключення до https://rozetka.pl/426637842/p426637842/
2024-10-18 18:06:49 - INFO - Отримано посилання на специфікацію продукту
2024-10-18 18:06:50 - INFO - Успішне підключення до https://rozetka.pl/426637842/p426637842/characteristics/
2024-10-18 18:06:50 - INFO - Детальна специфікація продукту отримана успішно
2024-10-18 18:06:50 - INFO - Назва продукту отримана успішно
2024-10-18 18:06:50 - INFO - Ціна продукту отримана успішно
2024-10-18 18:06:50 - INFO - Посилання на продукт отримано успішно
2024-10-18 18:06:51 - INFO - Успішне підключення до https://rozetka.pl/426649239/p426649239/
2024-10-18 18:06:51 - INFO - Отримано посилання на специфікацію продукту
2024-10-18 18:06:52 - INFO - Успішне підключення до https://rozetka.pl/426649239/p426649239/characteristics/
2024-10-18 18:06:52 - INFO - Детальна специфікація продукту отримана успішно
2024-10-18 18:06:52 - INFO - Назва продукту отримана успішно
2024-10-18 18:06:52 - INFO - Ціна продукту отримана успішно
2024-10-18 18:06:52 - INFO - Посилання на продукт отримано успішно
2024-10-18 18:06:52 - INFO - Успішне підключення до https://rozetka.pl/417843393/p417843393/
2024-10-18 18:06:52 - INFO - Отримано посилання на специфікацію продукту
2024-10-18 18:06:53 - INFO - Успішне підключення до https://rozetka.pl/417843393/p417843393/characteristics/
2024-10-18 18:06:53 - INFO - Детальна специфікація продукту отримана успішно
2024-10-18 18:06:53 - INFO - Назва продукту отримана успішно
2024-10-18 18:06:53 - INFO - Ціна продукту отримана успішно
2024-10-18 18:06:53 - INFO - Посилання на продукт отримано успішно
2024-10-18 18:06:54 - INFO - Успішне підключення до https://rozetka.pl/417843630/p417843630/
2024-10-18 18:06:54 - INFO - Отримано посилання на специфікацію продукту
2024-10-18 18:06:55 - INFO - Успішне підключення до https://rozetka.pl/417843630/p417843630/characteristics/
2024-10-18 18:06:55 - INFO - Детальна специфікація продукту отримана успішно
2024-10-18 18:06:55 - INFO - Назва продукту отримана успішно
2024-10-18 18:06:55 - INFO - Ціна продукту отримана успішно
2024-10-18 18:06:55 - INFO - Посилання на продукт отримано успішно
2024-10-18 18:06:55 - INFO - Успішне підключення до https://rozetka.pl/417839280/p417839280/
2024-10-18 18:06:55 - INFO - Отримано посилання на специфікацію продукту
2024-10-18 18:06:56 - INFO - Успішне підключення до https://rozetka.pl/417839280/p417839280/characteristics/
2024-10-18 18:06:56 - INFO - Детальна специфікація продукту отримана успішно
2024-10-18 18:06:56 - INFO - Назва продукту отримана успішно
2024-10-18 18:06:56 - INFO - Ціна продукту отримана успішно
2024-10-18 18:06:56 - INFO - Посилання на продукт отримано успішно
2024-10-18 18:06:57 - INFO - Успішне підключення до https://rozetka.pl/415253451/p415253451/
2024-10-18 18:06:57 - INFO - Отримано посилання на специфікацію продукту
2024-10-18 18:06:58 - INFO - Успішне підключення до https://rozetka.pl/415253451/p415253451/characteristics/
2024-10-18 18:06:58 - INFO - Детальна специфікація продукту отримана успішно
2024-10-18 18:06:58 - INFO - Назва продукту отримана успішно
2024-10-18 18:06:58 - INFO - Ціна продукту отримана успішно
2024-10-18 18:06:58 - INFO - Посилання на продукт отримано успішно
2024-10-18 18:06:59 - INFO - Успішне підключення до https://rozetka.pl/392126766/p392126766/
2024-10-18 18:06:59 - INFO - Отримано посилання на специфікацію продукту
2024-10-18 18:06:59 - INFO - Успішне підключення до https://rozetka.pl/392126766/p392126766/characteristics/
2024-10-18 18:06:59 - INFO - Детальна специфікація продукту отримана успішно
2024-10-18 18:06:59 - INFO - Назва продукту отримана успішно
2024-10-18 18:06:59 - INFO - Ціна продукту отримана успішно
2024-10-18 18:06:59 - INFO - Посилання на продукт отримано успішно
2024-10-18 18:07:00 - INFO - Успішне підключення до https://rozetka.pl/392933205/p392933205/
2024-10-18 18:07:00 - INFO - Отримано посилання на специфікацію продукту
2024-10-18 18:07:01 - INFO - Успішне підключення до https://rozetka.pl/392933205/p392933205/characteristics/
2024-10-18 18:07:01 - INFO - Детальна специфікація продукту отримана успішно
2024-10-18 18:07:01 - INFO - Назва продукту отримана успішно
2024-10-18 18:07:01 - INFO - Ціна продукту отримана успішно
2024-10-18 18:07:01 - INFO - Посилання на продукт отримано успішно
2024-10-18 18:07:02 - INFO - Успішне підключення до https://rozetka.pl/388886385/p388886385/
2024-10-18 18:07:02 - INFO - Отримано посилання на специфікацію продукту
2024-10-18 18:07:02 - INFO - Успішне підключення до https://rozetka.pl/388886385/p388886385/characteristics/
2024-10-18 18:07:02 - INFO - Детальна специфікація продукту отримана успішно
2024-10-18 18:07:02 - INFO - Назва продукту отримана успішно
2024-10-18 18:07:02 - INFO - Ціна продукту отримана успішно
2024-10-18 18:07:02 - INFO - Посилання на продукт отримано успішно
2024-10-18 18:07:03 - INFO - Успішне підключення до https://rozetka.pl/368683068/p368683068/
2024-10-18 18:07:03 - INFO - Отримано посилання на специфікацію продукту
2024-10-18 18:07:04 - INFO - Успішне підключення до https://rozetka.pl/368683068/p368683068/characteristics/
2024-10-18 18:07:04 - INFO - Детальна специфікація продукту отримана успішно
2024-10-18 18:07:04 - INFO - Назва продукту отримана успішно
2024-10-18 18:07:04 - INFO - Ціна продукту отримана успішно
2024-10-18 18:07:04 - INFO - Посилання на продукт отримано успішно
2024-10-18 18:07:04 - INFO - Успішне підключення до https://rozetka.pl/426649134/p426649134/
2024-10-18 18:07:04 - INFO - Отримано посилання на специфікацію продукту
2024-10-18 18:07:05 - INFO - Успішне підключення до https://rozetka.pl/426649134/p426649134/characteristics/
2024-10-18 18:07:05 - INFO - Детальна специфікація продукту отримана успішно
2024-10-18 18:07:05 - INFO - Назва продукту отримана успішно
2024-10-18 18:07:05 - INFO - Ціна продукту отримана успішно
2024-10-18 18:07:05 - INFO - Посилання на продукт отримано успішно
2024-10-18 18:07:06 - INFO - Успішне підключення до https://rozetka.pl/419321973/p419321973/
2024-10-18 18:07:06 - INFO - Отримано посилання на специфікацію продукту
2024-10-18 18:07:06 - INFO - Успішне підключення до https://rozetka.pl/419321973/p419321973/characteristics/
2024-10-18 18:07:06 - INFO - Детальна специфікація продукту отримана успішно
2024-10-18 18:07:06 - INFO - Назва продукту отримана успішно
2024-10-18 18:07:06 - INFO - Ціна продукту отримана успішно
2024-10-18 18:07:06 - INFO - Посилання на продукт отримано успішно
2024-10-18 18:07:07 - INFO - Успішне підключення до https://rozetka.pl/417844131/p417844131/
2024-10-18 18:07:07 - INFO - Отримано посилання на специфікацію продукту
2024-10-18 18:07:08 - INFO - Успішне підключення до https://rozetka.pl/417844131/p417844131/characteristics/
2024-10-18 18:07:08 - INFO - Детальна специфікація продукту отримана успішно
2024-10-18 18:07:08 - INFO - Назва продукту отримана успішно
2024-10-18 18:07:08 - INFO - Ціна продукту отримана успішно
2024-10-18 18:07:08 - INFO - Посилання на продукт отримано успішно
2024-10-18 18:07:09 - INFO - Успішне підключення до https://rozetka.pl/450413789/p450413789/
2024-10-18 18:07:09 - INFO - Отримано посилання на специфікацію продукту
2024-10-18 18:07:09 - INFO - Успішне підключення до https://rozetka.pl/450413789/p450413789/characteristics/
2024-10-18 18:07:09 - INFO - Детальна специфікація продукту отримана успішно
2024-10-18 18:07:09 - INFO - Назва продукту отримана успішно
2024-10-18 18:07:09 - INFO - Ціна продукту отримана успішно
2024-10-18 18:07:09 - INFO - Посилання на продукт отримано успішно
2024-10-18 18:07:10 - INFO - Успішне підключення до https://rozetka.pl/388896213/p388896213/
2024-10-18 18:07:10 - INFO - Отримано посилання на специфікацію продукту
2024-10-18 18:07:11 - INFO - Успішне підключення до https://rozetka.pl/388896213/p388896213/characteristics/
2024-10-18 18:07:11 - INFO - Детальна специфікація продукту отримана успішно
2024-10-18 18:07:11 - INFO - Назва продукту отримана успішно
2024-10-18 18:07:11 - INFO - Ціна продукту отримана успішно
2024-10-18 18:07:11 - INFO - Посилання на продукт отримано успішно
2024-10-18 18:07:12 - INFO - Успішне підключення до https://rozetka.pl/368683080/p368683080/
2024-10-18 18:07:12 - INFO - Отримано посилання на специфікацію продукту
2024-10-18 18:07:12 - INFO - Успішне підключення до https://rozetka.pl/368683080/p368683080/characteristics/
2024-10-18 18:07:12 - INFO - Детальна специфікація продукту отримана успішно
2024-10-18 18:07:12 - INFO - Назва продукту отримана успішно
2024-10-18 18:07:12 - INFO - Ціна продукту отримана успішно
2024-10-18 18:07:12 - INFO - Посилання на продукт отримано успішно
2024-10-18 18:07:13 - INFO - Успішне підключення до https://rozetka.pl/368683089/p368683089/
2024-10-18 18:07:13 - INFO - Отримано посилання на специфікацію продукту
2024-10-18 18:07:14 - INFO - Успішне підключення до https://rozetka.pl/368683089/p368683089/characteristics/
2024-10-18 18:07:14 - INFO - Детальна специфікація продукту отримана успішно
2024-10-18 18:07:14 - INFO - Назва продукту отримана успішно
2024-10-18 18:07:14 - INFO - Ціна продукту отримана успішно
2024-10-18 18:07:14 - INFO - Посилання на продукт отримано успішно
2024-10-18 18:07:14 - INFO - Успішне підключення до https://rozetka.pl/450415553/p450415553/
2024-10-18 18:07:14 - INFO - Отримано посилання на специфікацію продукту
2024-10-18 18:07:15 - INFO - Успішне підключення до https://rozetka.pl/450415553/p450415553/characteristics/
2024-10-18 18:07:15 - INFO - Детальна специфікація продукту отримана успішно
2024-10-18 18:07:15 - INFO - Назва продукту отримана успішно
2024-10-18 18:07:15 - INFO - Ціна продукту отримана успішно
2024-10-18 18:07:15 - INFO - Посилання на продукт отримано успішно
2024-10-18 18:07:16 - INFO - Успішне підключення до https://rozetka.pl/428902751/p428902751/
2024-10-18 18:07:16 - INFO - Отримано посилання на специфікацію продукту
2024-10-18 18:07:16 - INFO - Успішне підключення до https://rozetka.pl/428902751/p428902751/characteristics/
2024-10-18 18:07:16 - INFO - Детальна специфікація продукту отримана успішно
2024-10-18 18:07:16 - INFO - Назва продукту отримана успішно
2024-10-18 18:07:16 - INFO - Ціна продукту отримана успішно
2024-10-18 18:07:16 - INFO - Посилання на продукт отримано успішно
2024-10-18 18:07:17 - INFO - Успішне підключення до https://rozetka.pl/425488890/p425488890/
2024-10-18 18:07:17 - INFO - Отримано посилання на специфікацію продукту
2024-10-18 18:07:18 - INFO - Успішне підключення до https://rozetka.pl/425488890/p425488890/characteristics/
2024-10-18 18:07:18 - INFO - Детальна специфікація продукту отримана успішно
2024-10-18 18:07:18 - INFO - Назва продукту отримана успішно
2024-10-18 18:07:18 - INFO - Ціна продукту отримана успішно
2024-10-18 18:07:18 - INFO - Посилання на продукт отримано успішно
2024-10-18 18:07:19 - INFO - Успішне підключення до https://rozetka.pl/429988421/p429988421/
2024-10-18 18:07:19 - INFO - Отримано посилання на специфікацію продукту
2024-10-18 18:07:19 - INFO - Успішне підключення до https://rozetka.pl/429988421/p429988421/characteristics/
2024-10-18 18:07:19 - INFO - Детальна специфікація продукту отримана успішно
2024-10-18 18:07:19 - INFO - Назва продукту отримана успішно
2024-10-18 18:07:19 - INFO - Ціна продукту отримана успішно
2024-10-18 18:07:19 - INFO - Посилання на продукт отримано успішно
2024-10-18 18:07:20 - INFO - Успішне підключення до https://rozetka.pl/429998129/p429998129/
2024-10-18 18:07:20 - INFO - Отримано посилання на специфікацію продукту
2024-10-18 18:07:21 - INFO - Успішне підключення до https://rozetka.pl/429998129/p429998129/characteristics/
2024-10-18 18:07:21 - INFO - Детальна специфікація продукту отримана успішно
2024-10-18 18:07:21 - INFO - Назва продукту отримана успішно
2024-10-18 18:07:21 - INFO - Ціна продукту отримана успішно
2024-10-18 18:07:21 - INFO - Посилання на продукт отримано успішно
2024-10-18 18:07:22 - INFO - Успішне підключення до https://rozetka.pl/427290638/p427290638/
2024-10-18 18:07:22 - INFO - Отримано посилання на специфікацію продукту
2024-10-18 18:07:22 - INFO - Успішне підключення до https://rozetka.pl/427290638/p427290638/characteristics/
2024-10-18 18:07:22 - INFO - Детальна специфікація продукту отримана успішно
2024-10-18 18:07:22 - INFO - Назва продукту отримана успішно
2024-10-18 18:07:22 - INFO - Ціна продукту отримана успішно
2024-10-18 18:07:22 - INFO - Посилання на продукт отримано успішно
2024-10-18 18:07:23 - INFO - Успішне підключення до https://rozetka.pl/427233095/p427233095/
2024-10-18 18:07:23 - INFO - Отримано посилання на специфікацію продукту
2024-10-18 18:07:24 - INFO - Успішне підключення до https://rozetka.pl/427233095/p427233095/characteristics/
2024-10-18 18:07:24 - INFO - Детальна специфікація продукту отримана успішно
2024-10-18 18:07:24 - INFO - Назва продукту отримана успішно
2024-10-18 18:07:24 - INFO - Ціна продукту отримана успішно
2024-10-18 18:07:24 - INFO - Посилання на продукт отримано успішно
2024-10-18 18:07:24 - INFO - Успішне підключення до https://rozetka.pl/429942143/p429942143/
2024-10-18 18:07:24 - INFO - Отримано посилання на специфікацію продукту
2024-10-18 18:07:25 - INFO - Успішне підключення до https://rozetka.pl/429942143/p429942143/characteristics/
2024-10-18 18:07:25 - INFO - Детальна специфікація продукту отримана успішно
2024-10-18 18:07:25 - INFO - Назва продукту отримана успішно
2024-10-18 18:07:25 - INFO - Ціна продукту отримана успішно
2024-10-18 18:07:25 - INFO - Посилання на продукт отримано успішно
2024-10-18 18:07:26 - INFO - Успішне підключення до https://rozetka.pl/427273601/p427273601/
2024-10-18 18:07:26 - INFO - Отримано посилання на специфікацію продукту
2024-10-18 18:07:27 - INFO - Успішне підключення до https://rozetka.pl/427273601/p427273601/characteristics/
2024-10-18 18:07:27 - INFO - Детальна специфікація продукту отримана успішно
2024-10-18 18:07:27 - INFO - Назва продукту отримана успішно
2024-10-18 18:07:27 - INFO - Ціна продукту отримана успішно
2024-10-18 18:07:27 - INFO - Посилання на продукт отримано успішно
2024-10-18 18:07:27 - INFO - Успішне підключення до https://rozetka.pl/427233449/p427233449/
2024-10-18 18:07:27 - INFO - Отримано посилання на специфікацію продукту
2024-10-18 18:07:28 - INFO - Успішне підключення до https://rozetka.pl/427233449/p427233449/characteristics/
2024-10-18 18:07:28 - INFO - Детальна специфікація продукту отримана успішно
2024-10-18 18:07:28 - INFO - Назва продукту отримана успішно
2024-10-18 18:07:28 - INFO - Ціна продукту отримана успішно
2024-10-18 18:07:28 - INFO - Посилання на продукт отримано успішно
2024-10-18 18:07:29 - INFO - Успішне підключення до https://rozetka.pl/428902028/p428902028/
2024-10-18 18:07:29 - INFO - Отримано посилання на специфікацію продукту
2024-10-18 18:07:29 - INFO - Успішне підключення до https://rozetka.pl/428902028/p428902028/characteristics/
2024-10-18 18:07:29 - INFO - Детальна специфікація продукту отримана успішно
2024-10-18 18:07:29 - INFO - Назва продукту отримана успішно
2024-10-18 18:07:29 - INFO - Ціна продукту отримана успішно
2024-10-18 18:07:29 - INFO - Посилання на продукт отримано успішно
2024-10-18 18:07:30 - INFO - Успішне підключення до https://rozetka.pl/419296281/p419296281/
2024-10-18 18:07:30 - INFO - Отримано посилання на специфікацію продукту
2024-10-18 18:07:31 - INFO - Успішне підключення до https://rozetka.pl/419296281/p419296281/characteristics/
2024-10-18 18:07:31 - INFO - Детальна специфікація продукту отримана успішно
2024-10-18 18:07:31 - INFO - Назва продукту отримана успішно
2024-10-18 18:07:31 - INFO - Ціна продукту отримана успішно
2024-10-18 18:07:31 - INFO - Посилання на продукт отримано успішно
2024-10-18 18:07:32 - INFO - Успішне підключення до https://rozetka.pl/428902433/p428902433/
2024-10-18 18:07:32 - INFO - Отримано посилання на специфікацію продукту
2024-10-18 18:07:32 - INFO - Успішне підключення до https://rozetka.pl/428902433/p428902433/characteristics/
2024-10-18 18:07:32 - INFO - Детальна специфікація продукту отримана успішно
2024-10-18 18:07:32 - INFO - Назва продукту отримана успішно
2024-10-18 18:07:32 - INFO - Ціна продукту отримана успішно
2024-10-18 18:07:32 - INFO - Посилання на продукт отримано успішно
2024-10-18 18:07:33 - INFO - Успішне підключення до https://rozetka.pl/427187978/p427187978/
2024-10-18 18:07:33 - INFO - Отримано посилання на специфікацію продукту
2024-10-18 18:07:34 - INFO - Успішне підключення до https://rozetka.pl/427187978/p427187978/characteristics/
2024-10-18 18:07:34 - INFO - Детальна специфікація продукту отримана успішно
2024-10-18 18:07:34 - INFO - Назва продукту отримана успішно
2024-10-18 18:07:34 - INFO - Ціна продукту отримана успішно
2024-10-18 18:07:34 - INFO - Посилання на продукт отримано успішно
2024-10-18 18:07:35 - INFO - Успішне підключення до https://rozetka.pl/428902007/p428902007/
2024-10-18 18:07:35 - INFO - Отримано посилання на специфікацію продукту
2024-10-18 18:07:35 - INFO - Успішне підключення до https://rozetka.pl/428902007/p428902007/characteristics/
2024-10-18 18:07:35 - INFO - Детальна специфікація продукту отримана успішно
2024-10-18 18:07:35 - INFO - Назва продукту отримана успішно
2024-10-18 18:07:35 - INFO - Ціна продукту отримана успішно
2024-10-18 18:07:35 - INFO - Посилання на продукт отримано успішно
2024-10-18 18:07:36 - INFO - Успішне підключення до https://rozetka.pl/426645573/p426645573/
2024-10-18 18:07:36 - INFO - Отримано посилання на специфікацію продукту
2024-10-18 18:07:37 - INFO - Успішне підключення до https://rozetka.pl/426645573/p426645573/characteristics/
2024-10-18 18:07:37 - INFO - Детальна специфікація продукту отримана успішно
2024-10-18 18:07:37 - INFO - Назва продукту отримана успішно
2024-10-18 18:07:37 - INFO - Ціна продукту отримана успішно
2024-10-18 18:07:37 - INFO - Посилання на продукт отримано успішно
2024-10-18 18:07:37 - INFO - Успішне підключення до https://rozetka.pl/427233944/p427233944/
2024-10-18 18:07:37 - INFO - Отримано посилання на специфікацію продукту
2024-10-18 18:07:38 - INFO - Успішне підключення до https://rozetka.pl/427233944/p427233944/characteristics/
2024-10-18 18:07:38 - INFO - Детальна специфікація продукту отримана успішно
2024-10-18 18:07:38 - INFO - Назва продукту отримана успішно
2024-10-18 18:07:38 - INFO - Ціна продукту отримана успішно
2024-10-18 18:07:38 - INFO - Посилання на продукт отримано успішно
2024-10-18 18:07:39 - INFO - Успішне підключення до https://rozetka.pl/417843375/p417843375/
2024-10-18 18:07:39 - INFO - Отримано посилання на специфікацію продукту
2024-10-18 18:07:40 - INFO - Успішне підключення до https://rozetka.pl/417843375/p417843375/characteristics/
2024-10-18 18:07:40 - INFO - Детальна специфікація продукту отримана успішно
2024-10-18 18:07:40 - INFO - Назва продукту отримана успішно
2024-10-18 18:07:40 - INFO - Ціна продукту отримана успішно
2024-10-18 18:07:40 - INFO - Посилання на продукт отримано успішно
2024-10-18 18:07:41 - INFO - Успішне підключення до https://rozetka.pl/415173846/p415173846/
2024-10-18 18:07:41 - INFO - Отримано посилання на специфікацію продукту
2024-10-18 18:07:41 - INFO - Успішне підключення до https://rozetka.pl/415173846/p415173846/characteristics/
2024-10-18 18:07:41 - INFO - Детальна специфікація продукту отримана успішно
2024-10-18 18:07:41 - INFO - Назва продукту отримана успішно
2024-10-18 18:07:41 - INFO - Ціна продукту отримана успішно
2024-10-18 18:07:41 - INFO - Посилання на продукт отримано успішно
2024-10-18 18:07:42 - INFO - Успішне підключення до https://rozetka.pl/388903374/p388903374/
2024-10-18 18:07:42 - INFO - Отримано посилання на специфікацію продукту
2024-10-18 18:07:43 - INFO - Успішне підключення до https://rozetka.pl/388903374/p388903374/characteristics/
2024-10-18 18:07:43 - INFO - Детальна специфікація продукту отримана успішно
2024-10-18 18:07:43 - INFO - Назва продукту отримана успішно
2024-10-18 18:07:43 - INFO - Ціна продукту отримана успішно
2024-10-18 18:07:43 - INFO - Посилання на продукт отримано успішно
2024-10-18 18:07:44 - INFO - Успішне підключення до https://rozetka.pl/388900389/p388900389/
2024-10-18 18:07:44 - INFO - Отримано посилання на специфікацію продукту
2024-10-18 18:07:44 - INFO - Успішне підключення до https://rozetka.pl/388900389/p388900389/characteristics/
2024-10-18 18:07:44 - INFO - Детальна специфікація продукту отримана успішно
2024-10-18 18:07:44 - INFO - Назва продукту отримана успішно
2024-10-18 18:07:44 - INFO - Ціна продукту отримана успішно
2024-10-18 18:07:44 - INFO - Посилання на продукт отримано успішно
2024-10-18 18:07:45 - INFO - Успішне підключення до https://rozetka.pl/370998273/p370998273/
2024-10-18 18:07:45 - INFO - Отримано посилання на специфікацію продукту
2024-10-18 18:07:46 - INFO - Успішне підключення до https://rozetka.pl/370998273/p370998273/characteristics/
2024-10-18 18:07:46 - INFO - Детальна специфікація продукту отримана успішно
2024-10-18 18:07:46 - INFO - Назва продукту отримана успішно
2024-10-18 18:07:46 - INFO - Ціна продукту отримана успішно
2024-10-18 18:07:46 - INFO - Посилання на продукт отримано успішно
2024-10-18 18:07:47 - INFO - Успішне підключення до https://rozetka.pl/433896080/p433896080/
2024-10-18 18:07:47 - INFO - Отримано посилання на специфікацію продукту
2024-10-18 18:07:48 - INFO - Успішне підключення до https://rozetka.pl/433896080/p433896080/characteristics/
2024-10-18 18:07:48 - INFO - Детальна специфікація продукту отримана успішно
2024-10-18 18:07:48 - INFO - Назва продукту отримана успішно
2024-10-18 18:07:48 - INFO - Ціна продукту отримана успішно
2024-10-18 18:07:48 - INFO - Посилання на продукт отримано успішно
2024-10-18 18:07:48 - INFO - Успішне підключення до https://rozetka.pl/433892990/p433892990/
2024-10-18 18:07:48 - INFO - Отримано посилання на специфікацію продукту
2024-10-18 18:07:49 - INFO - Успішне підключення до https://rozetka.pl/433892990/p433892990/characteristics/
2024-10-18 18:07:49 - INFO - Детальна специфікація продукту отримана успішно
2024-10-18 18:07:49 - INFO - Назва продукту отримана успішно
2024-10-18 18:07:49 - INFO - Ціна продукту отримана успішно
2024-10-18 18:07:49 - INFO - Посилання на продукт отримано успішно
2024-10-18 18:07:50 - INFO - Успішне підключення до https://rozetka.pl/430034351/p430034351/
2024-10-18 18:07:50 - INFO - Отримано посилання на специфікацію продукту
2024-10-18 18:07:51 - INFO - Успішне підключення до https://rozetka.pl/430034351/p430034351/characteristics/
2024-10-18 18:07:51 - INFO - Детальна специфікація продукту отримана успішно
2024-10-18 18:07:51 - INFO - Назва продукту отримана успішно
2024-10-18 18:07:51 - INFO - Ціна продукту отримана успішно
2024-10-18 18:07:51 - INFO - Посилання на продукт отримано успішно
2024-10-18 18:07:51 - INFO - Успішне підключення до https://rozetka.pl/430018907/p430018907/
2024-10-18 18:07:51 - INFO - Отримано посилання на специфікацію продукту
2024-10-18 18:07:52 - INFO - Успішне підключення до https://rozetka.pl/430018907/p430018907/characteristics/
2024-10-18 18:07:52 - INFO - Детальна специфікація продукту отримана успішно
2024-10-18 18:07:52 - INFO - Назва продукту отримана успішно
2024-10-18 18:07:52 - INFO - Ціна продукту отримана успішно
2024-10-18 18:07:52 - INFO - Посилання на продукт отримано успішно
2024-10-18 18:07:53 - INFO - Успішне підключення до https://rozetka.pl/428905088/p428905088/
2024-10-18 18:07:53 - INFO - Отримано посилання на специфікацію продукту
2024-10-18 18:07:54 - INFO - Успішне підключення до https://rozetka.pl/428905088/p428905088/characteristics/
2024-10-18 18:07:54 - INFO - Детальна специфікація продукту отримана успішно
2024-10-18 18:07:54 - INFO - Назва продукту отримана успішно
2024-10-18 18:07:54 - INFO - Ціна продукту отримана успішно
2024-10-18 18:07:54 - INFO - Посилання на продукт отримано успішно
2024-10-18 18:07:54 - INFO - Успішне підключення до https://rozetka.pl/428905082/p428905082/
2024-10-18 18:07:54 - INFO - Отримано посилання на специфікацію продукту
2024-10-18 18:07:55 - INFO - Успішне підключення до https://rozetka.pl/428905082/p428905082/characteristics/
2024-10-18 18:07:55 - INFO - Детальна специфікація продукту отримана успішно
2024-10-18 18:07:55 - INFO - Назва продукту отримана успішно
2024-10-18 18:07:55 - INFO - Ціна продукту отримана успішно
2024-10-18 18:07:55 - INFO - Посилання на продукт отримано успішно
2024-10-18 18:07:56 - INFO - Успішне підключення до https://rozetka.pl/428904839/p428904839/
2024-10-18 18:07:56 - INFO - Отримано посилання на специфікацію продукту
2024-10-18 18:07:56 - INFO - Успішне підключення до https://rozetka.pl/428904839/p428904839/characteristics/
2024-10-18 18:07:56 - INFO - Детальна специфікація продукту отримана успішно
2024-10-18 18:07:56 - INFO - Назва продукту отримана успішно
2024-10-18 18:07:56 - INFO - Ціна продукту отримана успішно
2024-10-18 18:07:56 - INFO - Посилання на продукт отримано успішно
2024-10-18 18:07:57 - INFO - Успішне підключення до https://rozetka.pl/428902757/p428902757/
2024-10-18 18:07:57 - INFO - Отримано посилання на специфікацію продукту
2024-10-18 18:07:58 - INFO - Успішне підключення до https://rozetka.pl/428902757/p428902757/characteristics/
2024-10-18 18:07:58 - INFO - Детальна специфікація продукту отримана успішно
2024-10-18 18:07:58 - INFO - Назва продукту отримана успішно
2024-10-18 18:07:58 - INFO - Ціна продукту отримана успішно
2024-10-18 18:07:58 - INFO - Посилання на продукт отримано успішно
2024-10-18 18:07:59 - INFO - Успішне підключення до https://rozetka.pl/428902748/p428902748/
2024-10-18 18:07:59 - INFO - Отримано посилання на специфікацію продукту
2024-10-18 18:07:59 - INFO - Успішне підключення до https://rozetka.pl/428902748/p428902748/characteristics/
2024-10-18 18:07:59 - INFO - Детальна специфікація продукту отримана успішно
2024-10-18 18:07:59 - INFO - Назва продукту отримана успішно
2024-10-18 18:07:59 - INFO - Ціна продукту отримана успішно
2024-10-18 18:07:59 - INFO - Посилання на продукт отримано успішно
2024-10-18 18:08:00 - INFO - Успішне підключення до https://rozetka.pl/428902739/p428902739/
2024-10-18 18:08:00 - INFO - Отримано посилання на специфікацію продукту
2024-10-18 18:08:01 - INFO - Успішне підключення до https://rozetka.pl/428902739/p428902739/characteristics/
2024-10-18 18:08:01 - INFO - Детальна специфікація продукту отримана успішно
2024-10-18 18:08:01 - INFO - Назва продукту отримана успішно
2024-10-18 18:08:01 - INFO - Ціна продукту отримана успішно
2024-10-18 18:08:03 - INFO - Успішне підключення до https://rozetka.pl/laptopy-80004/c80004/page={2};producer=apple/
2024-10-18 18:08:03 - INFO - Посилання на продукт отримано успішно
2024-10-18 18:08:04 - INFO - Успішне підключення до https://rozetka.pl/428902706/p428902706/
2024-10-18 18:08:04 - INFO - Отримано посилання на специфікацію продукту
2024-10-18 18:08:04 - INFO - Успішне підключення до https://rozetka.pl/428902706/p428902706/characteristics/
2024-10-18 18:08:04 - INFO - Детальна специфікація продукту отримана успішно
2024-10-18 18:08:04 - INFO - Назва продукту отримана успішно
2024-10-18 18:08:04 - INFO - Ціна продукту отримана успішно
2024-10-18 18:08:04 - INFO - Посилання на продукт отримано успішно
2024-10-18 18:08:05 - INFO - Успішне підключення до https://rozetka.pl/428902550/p428902550/
2024-10-18 18:08:05 - INFO - Отримано посилання на специфікацію продукту
2024-10-18 18:08:06 - INFO - Успішне підключення до https://rozetka.pl/428902550/p428902550/characteristics/
2024-10-18 18:08:06 - INFO - Детальна специфікація продукту отримана успішно
2024-10-18 18:08:06 - INFO - Назва продукту отримана успішно
2024-10-18 18:08:06 - INFO - Ціна продукту отримана успішно
2024-10-18 18:08:06 - INFO - Посилання на продукт отримано успішно
2024-10-18 18:08:06 - INFO - Успішне підключення до https://rozetka.pl/428902547/p428902547/
2024-10-18 18:08:06 - INFO - Отримано посилання на специфікацію продукту
2024-10-18 18:08:07 - INFO - Успішне підключення до https://rozetka.pl/428902547/p428902547/characteristics/
2024-10-18 18:08:07 - INFO - Детальна специфікація продукту отримана успішно
2024-10-18 18:08:07 - INFO - Назва продукту отримана успішно
2024-10-18 18:08:07 - INFO - Ціна продукту отримана успішно
2024-10-18 18:08:07 - INFO - Посилання на продукт отримано успішно
2024-10-18 18:08:08 - INFO - Успішне підключення до https://rozetka.pl/428902292/p428902292/
2024-10-18 18:08:08 - INFO - Отримано посилання на специфікацію продукту
2024-10-18 18:08:08 - INFO - Успішне підключення до https://rozetka.pl/428902292/p428902292/characteristics/
2024-10-18 18:08:08 - INFO - Детальна специфікація продукту отримана успішно
2024-10-18 18:08:08 - INFO - Назва продукту отримана успішно
2024-10-18 18:08:08 - INFO - Ціна продукту отримана успішно
2024-10-18 18:08:08 - INFO - Посилання на продукт отримано успішно
2024-10-18 18:08:10 - INFO - Успішне підключення до https://rozetka.pl/427305413/p427305413/
2024-10-18 18:08:10 - INFO - Отримано посилання на специфікацію продукту
2024-10-18 18:08:10 - INFO - Успішне підключення до https://rozetka.pl/427305413/p427305413/characteristics/
2024-10-18 18:08:10 - INFO - Детальна специфікація продукту отримана успішно
2024-10-18 18:08:10 - INFO - Назва продукту отримана успішно
2024-10-18 18:08:10 - INFO - Ціна продукту отримана успішно
2024-10-18 18:08:10 - INFO - Посилання на продукт отримано успішно
2024-10-18 18:08:11 - INFO - Успішне підключення до https://rozetka.pl/427305353/p427305353/
2024-10-18 18:08:11 - INFO - Отримано посилання на специфікацію продукту
2024-10-18 18:08:12 - INFO - Успішне підключення до https://rozetka.pl/427305353/p427305353/characteristics/
2024-10-18 18:08:12 - INFO - Детальна специфікація продукту отримана успішно
2024-10-18 18:08:12 - INFO - Назва продукту отримана успішно
2024-10-18 18:08:12 - INFO - Ціна продукту отримана успішно
2024-10-18 18:08:12 - INFO - Посилання на продукт отримано успішно
2024-10-18 18:08:13 - INFO - Успішне підключення до https://rozetka.pl/427305341/p427305341/
2024-10-18 18:08:13 - INFO - Отримано посилання на специфікацію продукту
2024-10-18 18:08:13 - INFO - Успішне підключення до https://rozetka.pl/427305341/p427305341/characteristics/
2024-10-18 18:08:13 - INFO - Детальна специфікація продукту отримана успішно
2024-10-18 18:08:13 - INFO - Назва продукту отримана успішно
2024-10-18 18:08:13 - INFO - Ціна продукту отримана успішно
2024-10-18 18:08:13 - INFO - Посилання на продукт отримано успішно
2024-10-18 18:08:14 - INFO - Успішне підключення до https://rozetka.pl/427305104/p427305104/
2024-10-18 18:08:14 - INFO - Отримано посилання на специфікацію продукту
2024-10-18 18:08:15 - INFO - Успішне підключення до https://rozetka.pl/427305104/p427305104/characteristics/
2024-10-18 18:08:15 - INFO - Детальна специфікація продукту отримана успішно
2024-10-18 18:08:15 - INFO - Назва продукту отримана успішно
2024-10-18 18:08:15 - INFO - Ціна продукту отримана успішно
2024-10-18 18:08:15 - INFO - Посилання на продукт отримано успішно
2024-10-18 18:08:15 - INFO - Успішне підключення до https://rozetka.pl/427304471/p427304471/
2024-10-18 18:08:15 - INFO - Отримано посилання на специфікацію продукту
2024-10-18 18:08:16 - INFO - Успішне підключення до https://rozetka.pl/427304471/p427304471/characteristics/
2024-10-18 18:08:16 - INFO - Детальна специфікація продукту отримана успішно
2024-10-18 18:08:16 - INFO - Назва продукту отримана успішно
2024-10-18 18:08:16 - INFO - Ціна продукту отримана успішно
2024-10-18 18:08:16 - INFO - Посилання на продукт отримано успішно
2024-10-18 18:08:17 - INFO - Успішне підключення до https://rozetka.pl/427303604/p427303604/
2024-10-18 18:08:17 - INFO - Отримано посилання на специфікацію продукту
2024-10-18 18:08:18 - INFO - Успішне підключення до https://rozetka.pl/427303604/p427303604/characteristics/
2024-10-18 18:08:18 - INFO - Детальна специфікація продукту отримана успішно
2024-10-18 18:08:18 - INFO - Назва продукту отримана успішно
2024-10-18 18:08:18 - INFO - Ціна продукту отримана успішно
2024-10-18 18:08:18 - INFO - Посилання на продукт отримано успішно
2024-10-18 18:08:18 - INFO - Успішне підключення до https://rozetka.pl/427302956/p427302956/
2024-10-18 18:08:18 - INFO - Отримано посилання на специфікацію продукту
2024-10-18 18:08:19 - INFO - Успішне підключення до https://rozetka.pl/427302956/p427302956/characteristics/
2024-10-18 18:08:19 - INFO - Детальна специфікація продукту отримана успішно
2024-10-18 18:08:19 - INFO - Назва продукту отримана успішно
2024-10-18 18:08:19 - INFO - Ціна продукту отримана успішно
2024-10-18 18:08:19 - INFO - Посилання на продукт отримано успішно
2024-10-18 18:08:20 - INFO - Успішне підключення до https://rozetka.pl/427302569/p427302569/
2024-10-18 18:08:20 - INFO - Отримано посилання на специфікацію продукту
2024-10-18 18:08:20 - INFO - Успішне підключення до https://rozetka.pl/427302569/p427302569/characteristics/
2024-10-18 18:08:20 - INFO - Детальна специфікація продукту отримана успішно
2024-10-18 18:08:20 - INFO - Назва продукту отримана успішно
2024-10-18 18:08:20 - INFO - Ціна продукту отримана успішно
2024-10-18 18:08:20 - INFO - Посилання на продукт отримано успішно
2024-10-18 18:08:21 - INFO - Успішне підключення до https://rozetka.pl/427302077/p427302077/
2024-10-18 18:08:21 - INFO - Отримано посилання на специфікацію продукту
2024-10-18 18:08:22 - INFO - Успішне підключення до https://rozetka.pl/427302077/p427302077/characteristics/
2024-10-18 18:08:22 - INFO - Детальна специфікація продукту отримана успішно
2024-10-18 18:08:22 - INFO - Назва продукту отримана успішно
2024-10-18 18:08:22 - INFO - Ціна продукту отримана успішно
2024-10-18 18:08:22 - INFO - Посилання на продукт отримано успішно
2024-10-18 18:08:23 - INFO - Успішне підключення до https://rozetka.pl/427301948/p427301948/
2024-10-18 18:08:23 - INFO - Отримано посилання на специфікацію продукту
2024-10-18 18:08:23 - INFO - Успішне підключення до https://rozetka.pl/427301948/p427301948/characteristics/
2024-10-18 18:08:23 - INFO - Детальна специфікація продукту отримана успішно
2024-10-18 18:08:23 - INFO - Назва продукту отримана успішно
2024-10-18 18:08:23 - INFO - Ціна продукту отримана успішно
2024-10-18 18:08:23 - INFO - Посилання на продукт отримано успішно
2024-10-18 18:08:24 - INFO - Успішне підключення до https://rozetka.pl/427301873/p427301873/
2024-10-18 18:08:24 - INFO - Отримано посилання на специфікацію продукту
2024-10-18 18:08:25 - INFO - Успішне підключення до https://rozetka.pl/427301873/p427301873/characteristics/
2024-10-18 18:08:25 - INFO - Детальна специфікація продукту отримана успішно
2024-10-18 18:08:25 - INFO - Назва продукту отримана успішно
2024-10-18 18:08:25 - INFO - Ціна продукту отримана успішно
2024-10-18 18:08:25 - INFO - Посилання на продукт отримано успішно
2024-10-18 18:08:26 - INFO - Успішне підключення до https://rozetka.pl/427296377/p427296377/
2024-10-18 18:08:26 - INFO - Отримано посилання на специфікацію продукту
2024-10-18 18:08:26 - INFO - Успішне підключення до https://rozetka.pl/427296377/p427296377/characteristics/
2024-10-18 18:08:26 - INFO - Детальна специфікація продукту отримана успішно
2024-10-18 18:08:26 - INFO - Назва продукту отримана успішно
2024-10-18 18:08:26 - INFO - Ціна продукту отримана успішно
2024-10-18 18:08:26 - INFO - Посилання на продукт отримано успішно
2024-10-18 18:08:28 - INFO - Успішне підключення до https://rozetka.pl/427295156/p427295156/
2024-10-18 18:08:28 - INFO - Отримано посилання на специфікацію продукту
2024-10-18 18:08:28 - INFO - Успішне підключення до https://rozetka.pl/427295156/p427295156/characteristics/
2024-10-18 18:08:28 - INFO - Детальна специфікація продукту отримана успішно
2024-10-18 18:08:28 - INFO - Назва продукту отримана успішно
2024-10-18 18:08:28 - INFO - Ціна продукту отримана успішно
2024-10-18 18:08:28 - INFO - Посилання на продукт отримано успішно
2024-10-18 18:08:29 - INFO - Успішне підключення до https://rozetka.pl/427294997/p427294997/
2024-10-18 18:08:29 - INFO - Отримано посилання на специфікацію продукту
2024-10-18 18:08:30 - INFO - Успішне підключення до https://rozetka.pl/427294997/p427294997/characteristics/
2024-10-18 18:08:30 - INFO - Детальна специфікація продукту отримана успішно
2024-10-18 18:08:30 - INFO - Назва продукту отримана успішно
2024-10-18 18:08:30 - INFO - Ціна продукту отримана успішно
2024-10-18 18:08:30 - INFO - Посилання на продукт отримано успішно
2024-10-18 18:08:31 - INFO - Успішне підключення до https://rozetka.pl/427294592/p427294592/
2024-10-18 18:08:31 - INFO - Отримано посилання на специфікацію продукту
2024-10-18 18:08:31 - INFO - Успішне підключення до https://rozetka.pl/427294592/p427294592/characteristics/
2024-10-18 18:08:31 - INFO - Детальна специфікація продукту отримана успішно
2024-10-18 18:08:31 - INFO - Назва продукту отримана успішно
2024-10-18 18:08:31 - INFO - Ціна продукту отримана успішно
2024-10-18 18:08:31 - INFO - Посилання на продукт отримано успішно
2024-10-18 18:08:32 - INFO - Успішне підключення до https://rozetka.pl/427293908/p427293908/
2024-10-18 18:08:32 - INFO - Отримано посилання на специфікацію продукту
2024-10-18 18:08:33 - INFO - Успішне підключення до https://rozetka.pl/427293908/p427293908/characteristics/
2024-10-18 18:08:33 - INFO - Детальна специфікація продукту отримана успішно
2024-10-18 18:08:33 - INFO - Назва продукту отримана успішно
2024-10-18 18:08:33 - INFO - Ціна продукту отримана успішно
2024-10-18 18:08:33 - INFO - Посилання на продукт отримано успішно
2024-10-18 18:08:34 - INFO - Успішне підключення до https://rozetka.pl/427293527/p427293527/
2024-10-18 18:08:34 - INFO - Отримано посилання на специфікацію продукту
2024-10-18 18:08:34 - INFO - Успішне підключення до https://rozetka.pl/427293527/p427293527/characteristics/
2024-10-18 18:08:34 - INFO - Детальна специфікація продукту отримана успішно
2024-10-18 18:08:34 - INFO - Назва продукту отримана успішно
2024-10-18 18:08:34 - INFO - Ціна продукту отримана успішно
2024-10-18 18:08:34 - INFO - Посилання на продукт отримано успішно
2024-10-18 18:08:35 - INFO - Успішне підключення до https://rozetka.pl/427291046/p427291046/
2024-10-18 18:08:35 - INFO - Отримано посилання на специфікацію продукту
2024-10-18 18:08:36 - INFO - Успішне підключення до https://rozetka.pl/427291046/p427291046/characteristics/
2024-10-18 18:08:36 - INFO - Детальна специфікація продукту отримана успішно
2024-10-18 18:08:36 - INFO - Назва продукту отримана успішно
2024-10-18 18:08:36 - INFO - Ціна продукту отримана успішно
2024-10-18 18:08:36 - INFO - Посилання на продукт отримано успішно
2024-10-18 18:08:37 - INFO - Успішне підключення до https://rozetka.pl/427290893/p427290893/
2024-10-18 18:08:37 - INFO - Отримано посилання на специфікацію продукту
2024-10-18 18:08:37 - INFO - Успішне підключення до https://rozetka.pl/427290893/p427290893/characteristics/
2024-10-18 18:08:37 - INFO - Детальна специфікація продукту отримана успішно
2024-10-18 18:08:37 - INFO - Назва продукту отримана успішно
2024-10-18 18:08:37 - INFO - Ціна продукту отримана успішно
2024-10-18 18:08:37 - INFO - Посилання на продукт отримано успішно
2024-10-18 18:08:38 - INFO - Успішне підключення до https://rozetka.pl/427289774/p427289774/
2024-10-18 18:08:38 - INFO - Отримано посилання на специфікацію продукту
2024-10-18 18:08:39 - INFO - Успішне підключення до https://rozetka.pl/427289774/p427289774/characteristics/
2024-10-18 18:08:39 - INFO - Детальна специфікація продукту отримана успішно
2024-10-18 18:08:39 - INFO - Назва продукту отримана успішно
2024-10-18 18:08:39 - INFO - Ціна продукту отримана успішно
2024-10-18 18:08:39 - INFO - Посилання на продукт отримано успішно
2024-10-18 18:08:39 - INFO - Успішне підключення до https://rozetka.pl/427286195/p427286195/
2024-10-18 18:08:39 - INFO - Отримано посилання на специфікацію продукту
2024-10-18 18:08:40 - INFO - Успішне підключення до https://rozetka.pl/427286195/p427286195/characteristics/
2024-10-18 18:08:40 - INFO - Детальна специфікація продукту отримана успішно
2024-10-18 18:08:40 - INFO - Назва продукту отримана успішно
2024-10-18 18:08:40 - INFO - Ціна продукту отримана успішно
2024-10-18 18:08:40 - INFO - Посилання на продукт отримано успішно
2024-10-18 18:08:41 - INFO - Успішне підключення до https://rozetka.pl/427273718/p427273718/
2024-10-18 18:08:41 - INFO - Отримано посилання на специфікацію продукту
2024-10-18 18:08:41 - INFO - Успішне підключення до https://rozetka.pl/427273718/p427273718/characteristics/
2024-10-18 18:08:41 - INFO - Детальна специфікація продукту отримана успішно
2024-10-18 18:08:41 - INFO - Назва продукту отримана успішно
2024-10-18 18:08:41 - INFO - Ціна продукту отримана успішно
2024-10-18 18:08:41 - INFO - Посилання на продукт отримано успішно
2024-10-18 18:08:42 - INFO - Успішне підключення до https://rozetka.pl/427273628/p427273628/
2024-10-18 18:08:42 - INFO - Отримано посилання на специфікацію продукту
2024-10-18 18:08:43 - INFO - Успішне підключення до https://rozetka.pl/427273628/p427273628/characteristics/
2024-10-18 18:08:43 - INFO - Детальна специфікація продукту отримана успішно
2024-10-18 18:08:43 - INFO - Назва продукту отримана успішно
2024-10-18 18:08:43 - INFO - Ціна продукту отримана успішно
2024-10-18 18:08:43 - INFO - Посилання на продукт отримано успішно
2024-10-18 18:08:43 - INFO - Успішне підключення до https://rozetka.pl/427273073/p427273073/
2024-10-18 18:08:43 - INFO - Отримано посилання на специфікацію продукту
2024-10-18 18:08:44 - INFO - Успішне підключення до https://rozetka.pl/427273073/p427273073/characteristics/
2024-10-18 18:08:44 - INFO - Детальна специфікація продукту отримана успішно
2024-10-18 18:08:44 - INFO - Назва продукту отримана успішно
2024-10-18 18:08:44 - INFO - Ціна продукту отримана успішно
2024-10-18 18:08:44 - INFO - Посилання на продукт отримано успішно
2024-10-18 18:08:45 - INFO - Успішне підключення до https://rozetka.pl/427271786/p427271786/
2024-10-18 18:08:45 - INFO - Отримано посилання на специфікацію продукту
2024-10-18 18:08:45 - INFO - Успішне підключення до https://rozetka.pl/427271786/p427271786/characteristics/
2024-10-18 18:08:45 - INFO - Детальна специфікація продукту отримана успішно
2024-10-18 18:08:45 - INFO - Назва продукту отримана успішно
2024-10-18 18:08:45 - INFO - Ціна продукту отримана успішно
2024-10-18 18:08:45 - INFO - Посилання на продукт отримано успішно
2024-10-18 18:08:46 - INFO - Успішне підключення до https://rozetka.pl/427266116/p427266116/
2024-10-18 18:08:46 - INFO - Отримано посилання на специфікацію продукту
2024-10-18 18:08:47 - INFO - Успішне підключення до https://rozetka.pl/427266116/p427266116/characteristics/
2024-10-18 18:08:47 - INFO - Детальна специфікація продукту отримана успішно
2024-10-18 18:08:47 - INFO - Назва продукту отримана успішно
2024-10-18 18:08:47 - INFO - Ціна продукту отримана успішно
2024-10-18 18:08:47 - INFO - Посилання на продукт отримано успішно
2024-10-18 18:08:48 - INFO - Успішне підключення до https://rozetka.pl/427265180/p427265180/
2024-10-18 18:08:48 - INFO - Отримано посилання на специфікацію продукту
2024-10-18 18:08:48 - INFO - Успішне підключення до https://rozetka.pl/427265180/p427265180/characteristics/
2024-10-18 18:08:48 - INFO - Детальна специфікація продукту отримана успішно
2024-10-18 18:08:48 - INFO - Назва продукту отримана успішно
2024-10-18 18:08:48 - INFO - Ціна продукту отримана успішно
2024-10-18 18:08:48 - INFO - Посилання на продукт отримано успішно
2024-10-18 18:08:49 - INFO - Успішне підключення до https://rozetka.pl/427264775/p427264775/
2024-10-18 18:08:49 - INFO - Отримано посилання на специфікацію продукту
2024-10-18 18:08:50 - INFO - Успішне підключення до https://rozetka.pl/427264775/p427264775/characteristics/
2024-10-18 18:08:50 - INFO - Детальна специфікація продукту отримана успішно
2024-10-18 18:08:50 - INFO - Назва продукту отримана успішно
2024-10-18 18:08:50 - INFO - Ціна продукту отримана успішно
2024-10-18 18:08:50 - INFO - Посилання на продукт отримано успішно
2024-10-18 18:08:50 - INFO - Успішне підключення до https://rozetka.pl/427263536/p427263536/
2024-10-18 18:08:50 - INFO - Отримано посилання на специфікацію продукту
2024-10-18 18:08:51 - INFO - Успішне підключення до https://rozetka.pl/427263536/p427263536/characteristics/
2024-10-18 18:08:51 - INFO - Детальна специфікація продукту отримана успішно
2024-10-18 18:08:51 - INFO - Назва продукту отримана успішно
2024-10-18 18:08:51 - INFO - Ціна продукту отримана успішно
2024-10-18 18:08:51 - INFO - Посилання на продукт отримано успішно
2024-10-18 18:08:52 - INFO - Успішне підключення до https://rozetka.pl/427262048/p427262048/
2024-10-18 18:08:52 - INFO - Отримано посилання на специфікацію продукту
2024-10-18 18:08:53 - INFO - Успішне підключення до https://rozetka.pl/427262048/p427262048/characteristics/
2024-10-18 18:08:53 - INFO - Детальна специфікація продукту отримана успішно
2024-10-18 18:08:53 - INFO - Назва продукту отримана успішно
2024-10-18 18:08:53 - INFO - Ціна продукту отримана успішно
2024-10-18 18:08:53 - INFO - Посилання на продукт отримано успішно
2024-10-18 18:08:54 - INFO - Успішне підключення до https://rozetka.pl/427261865/p427261865/
2024-10-18 18:08:54 - INFO - Отримано посилання на специфікацію продукту
2024-10-18 18:08:55 - INFO - Успішне підключення до https://rozetka.pl/427261865/p427261865/characteristics/
2024-10-18 18:08:55 - INFO - Детальна специфікація продукту отримана успішно
2024-10-18 18:08:55 - INFO - Назва продукту отримана успішно
2024-10-18 18:08:55 - INFO - Ціна продукту отримана успішно
2024-10-18 18:08:55 - INFO - Посилання на продукт отримано успішно
2024-10-18 18:08:55 - INFO - Успішне підключення до https://rozetka.pl/427233866/p427233866/
2024-10-18 18:08:55 - INFO - Отримано посилання на специфікацію продукту
2024-10-18 18:08:56 - INFO - Успішне підключення до https://rozetka.pl/427233866/p427233866/characteristics/
2024-10-18 18:08:56 - INFO - Детальна специфікація продукту отримана успішно
2024-10-18 18:08:56 - INFO - Назва продукту отримана успішно
2024-10-18 18:08:56 - INFO - Ціна продукту отримана успішно
2024-10-18 18:08:56 - INFO - Посилання на продукт отримано успішно
2024-10-18 18:08:57 - INFO - Успішне підключення до https://rozetka.pl/427217516/p427217516/
2024-10-18 18:08:57 - INFO - Отримано посилання на специфікацію продукту
2024-10-18 18:08:57 - INFO - Успішне підключення до https://rozetka.pl/427217516/p427217516/characteristics/
2024-10-18 18:08:57 - INFO - Детальна специфікація продукту отримана успішно
2024-10-18 18:08:57 - INFO - Назва продукту отримана успішно
2024-10-18 18:08:57 - INFO - Ціна продукту отримана успішно
2024-10-18 18:08:57 - INFO - Посилання на продукт отримано успішно
2024-10-18 18:08:58 - INFO - Успішне підключення до https://rozetka.pl/427217492/p427217492/
2024-10-18 18:08:58 - INFO - Отримано посилання на специфікацію продукту
2024-10-18 18:08:59 - INFO - Успішне підключення до https://rozetka.pl/427217492/p427217492/characteristics/
2024-10-18 18:08:59 - INFO - Детальна специфікація продукту отримана успішно
2024-10-18 18:08:59 - INFO - Назва продукту отримана успішно
2024-10-18 18:08:59 - INFO - Ціна продукту отримана успішно
2024-10-18 18:08:59 - INFO - Посилання на продукт отримано успішно
2024-10-18 18:08:59 - INFO - Успішне підключення до https://rozetka.pl/427217444/p427217444/
2024-10-18 18:08:59 - INFO - Отримано посилання на специфікацію продукту
2024-10-18 18:09:00 - INFO - Успішне підключення до https://rozetka.pl/427217444/p427217444/characteristics/
2024-10-18 18:09:00 - INFO - Детальна специфікація продукту отримана успішно
2024-10-18 18:09:00 - INFO - Назва продукту отримана успішно
2024-10-18 18:09:00 - INFO - Ціна продукту отримана успішно
2024-10-18 18:09:00 - INFO - Посилання на продукт отримано успішно
2024-10-18 18:09:01 - INFO - Успішне підключення до https://rozetka.pl/427217264/p427217264/
2024-10-18 18:09:01 - INFO - Отримано посилання на специфікацію продукту
2024-10-18 18:09:01 - INFO - Успішне підключення до https://rozetka.pl/427217264/p427217264/characteristics/
2024-10-18 18:09:01 - INFO - Детальна специфікація продукту отримана успішно
2024-10-18 18:09:01 - INFO - Назва продукту отримана успішно
2024-10-18 18:09:01 - INFO - Ціна продукту отримана успішно
2024-10-18 18:09:01 - INFO - Посилання на продукт отримано успішно
2024-10-18 18:09:02 - INFO - Успішне підключення до https://rozetka.pl/427216733/p427216733/
2024-10-18 18:09:02 - INFO - Отримано посилання на специфікацію продукту
2024-10-18 18:09:03 - INFO - Успішне підключення до https://rozetka.pl/427216733/p427216733/characteristics/
2024-10-18 18:09:03 - INFO - Детальна специфікація продукту отримана успішно
2024-10-18 18:09:03 - INFO - Назва продукту отримана успішно
2024-10-18 18:09:03 - INFO - Ціна продукту отримана успішно
2024-10-18 18:09:03 - INFO - Посилання на продукт отримано успішно
2024-10-18 18:09:04 - INFO - Успішне підключення до https://rozetka.pl/427216655/p427216655/
2024-10-18 18:09:04 - INFO - Отримано посилання на специфікацію продукту
2024-10-18 18:09:05 - INFO - Успішне підключення до https://rozetka.pl/427216655/p427216655/characteristics/
2024-10-18 18:09:05 - INFO - Детальна специфікація продукту отримана успішно
2024-10-18 18:09:05 - INFO - Назва продукту отримана успішно
2024-10-18 18:09:05 - INFO - Ціна продукту отримана успішно
2024-10-18 18:09:05 - INFO - Посилання на продукт отримано успішно
2024-10-18 18:09:05 - INFO - Успішне підключення до https://rozetka.pl/427215626/p427215626/
2024-10-18 18:09:05 - INFO - Отримано посилання на специфікацію продукту
2024-10-18 18:09:06 - INFO - Успішне підключення до https://rozetka.pl/427215626/p427215626/characteristics/
2024-10-18 18:09:06 - INFO - Детальна специфікація продукту отримана успішно
2024-10-18 18:09:06 - INFO - Назва продукту отримана успішно
2024-10-18 18:09:06 - INFO - Ціна продукту отримана успішно
2024-10-18 18:09:06 - INFO - Посилання на продукт отримано успішно
2024-10-18 18:09:07 - INFO - Успішне підключення до https://rozetka.pl/427215410/p427215410/
2024-10-18 18:09:07 - INFO - Отримано посилання на специфікацію продукту
2024-10-18 18:09:08 - INFO - Успішне підключення до https://rozetka.pl/427215410/p427215410/characteristics/
2024-10-18 18:09:08 - INFO - Детальна специфікація продукту отримана успішно
2024-10-18 18:09:08 - INFO - Назва продукту отримана успішно
2024-10-18 18:09:08 - INFO - Ціна продукту отримана успішно
2024-10-18 18:09:08 - INFO - Посилання на продукт отримано успішно
2024-10-18 18:09:09 - INFO - Успішне підключення до https://rozetka.pl/427213100/p427213100/
2024-10-18 18:09:09 - INFO - Отримано посилання на специфікацію продукту
2024-10-18 18:09:10 - INFO - Успішне підключення до https://rozetka.pl/427213100/p427213100/characteristics/
2024-10-18 18:09:10 - INFO - Детальна специфікація продукту отримана успішно
2024-10-18 18:09:10 - INFO - Назва продукту отримана успішно
2024-10-18 18:09:10 - INFO - Ціна продукту отримана успішно
2024-10-18 18:09:10 - INFO - Посилання на продукт отримано успішно
2024-10-18 18:09:10 - INFO - Успішне підключення до https://rozetka.pl/427212872/p427212872/
2024-10-18 18:09:10 - INFO - Отримано посилання на специфікацію продукту
2024-10-18 18:09:11 - INFO - Успішне підключення до https://rozetka.pl/427212872/p427212872/characteristics/
2024-10-18 18:09:11 - INFO - Детальна специфікація продукту отримана успішно
2024-10-18 18:09:11 - INFO - Назва продукту отримана успішно
2024-10-18 18:09:11 - INFO - Ціна продукту отримана успішно
2024-10-18 18:09:11 - INFO - Посилання на продукт отримано успішно
2024-10-18 18:09:12 - INFO - Успішне підключення до https://rozetka.pl/427212044/p427212044/
2024-10-18 18:09:12 - INFO - Отримано посилання на специфікацію продукту
2024-10-18 18:09:13 - INFO - Успішне підключення до https://rozetka.pl/427212044/p427212044/characteristics/
2024-10-18 18:09:13 - INFO - Детальна специфікація продукту отримана успішно
2024-10-18 18:09:13 - INFO - Назва продукту отримана успішно
2024-10-18 18:09:13 - INFO - Ціна продукту отримана успішно
2024-10-18 18:09:13 - INFO - Посилання на продукт отримано успішно
2024-10-18 18:09:14 - INFO - Успішне підключення до https://rozetka.pl/427207526/p427207526/
2024-10-18 18:09:14 - INFO - Отримано посилання на специфікацію продукту
2024-10-18 18:09:14 - INFO - Успішне підключення до https://rozetka.pl/427207526/p427207526/characteristics/
2024-10-18 18:09:14 - INFO - Детальна специфікація продукту отримана успішно
2024-10-18 18:09:14 - INFO - Назва продукту отримана успішно
2024-10-18 18:09:14 - INFO - Ціна продукту отримана успішно
2024-10-18 18:09:14 - INFO - Посилання на продукт отримано успішно
2024-10-18 18:09:15 - INFO - Успішне підключення до https://rozetka.pl/427204526/p427204526/
2024-10-18 18:09:15 - INFO - Отримано посилання на специфікацію продукту
2024-10-18 18:09:16 - INFO - Успішне підключення до https://rozetka.pl/427204526/p427204526/characteristics/
2024-10-18 18:09:16 - INFO - Детальна специфікація продукту отримана успішно
2024-10-18 18:09:16 - INFO - Назва продукту отримана успішно
2024-10-18 18:09:16 - INFO - Ціна продукту отримана успішно
2024-10-18 18:09:16 - INFO - Посилання на продукт отримано успішно
2024-10-18 18:09:17 - INFO - Успішне підключення до https://rozetka.pl/427199456/p427199456/
2024-10-18 18:09:17 - INFO - Отримано посилання на специфікацію продукту
2024-10-18 18:09:17 - INFO - Успішне підключення до https://rozetka.pl/427199456/p427199456/characteristics/
2024-10-18 18:09:17 - INFO - Детальна специфікація продукту отримана успішно
2024-10-18 18:09:17 - INFO - Назва продукту отримана успішно
2024-10-18 18:09:17 - INFO - Ціна продукту отримана успішно
2024-10-18 18:09:17 - INFO - Посилання на продукт отримано успішно
2024-10-18 18:09:18 - INFO - Успішне підключення до https://rozetka.pl/427196687/p427196687/
2024-10-18 18:09:18 - INFO - Отримано посилання на специфікацію продукту
2024-10-18 18:09:19 - INFO - Успішне підключення до https://rozetka.pl/427196687/p427196687/characteristics/
2024-10-18 18:09:19 - INFO - Детальна специфікація продукту отримана успішно
2024-10-18 18:09:19 - INFO - Назва продукту отримана успішно
2024-10-18 18:09:19 - INFO - Ціна продукту отримана успішно
2024-10-18 18:09:19 - INFO - Посилання на продукт отримано успішно
2024-10-18 18:09:19 - INFO - Успішне підключення до https://rozetka.pl/427192241/p427192241/
2024-10-18 18:09:19 - INFO - Отримано посилання на специфікацію продукту
2024-10-18 18:09:20 - INFO - Успішне підключення до https://rozetka.pl/427192241/p427192241/characteristics/
2024-10-18 18:09:20 - INFO - Детальна специфікація продукту отримана успішно
2024-10-18 18:09:20 - INFO - Назва продукту отримана успішно
2024-10-18 18:09:20 - INFO - Ціна продукту отримана успішно
2024-10-18 18:09:20 - INFO - Посилання на продукт отримано успішно
2024-10-18 18:09:21 - INFO - Успішне підключення до https://rozetka.pl/427192085/p427192085/
2024-10-18 18:09:21 - INFO - Отримано посилання на специфікацію продукту
2024-10-18 18:09:21 - INFO - Успішне підключення до https://rozetka.pl/427192085/p427192085/characteristics/
2024-10-18 18:09:21 - INFO - Детальна специфікація продукту отримана успішно
2024-10-18 18:09:21 - INFO - Назва продукту отримана успішно
2024-10-18 18:09:21 - INFO - Ціна продукту отримана успішно
2024-10-18 18:09:21 - INFO - Посилання на продукт отримано успішно
2024-10-18 18:09:22 - INFO - Успішне підключення до https://rozetka.pl/427188485/p427188485/
2024-10-18 18:09:22 - INFO - Отримано посилання на специфікацію продукту
2024-10-18 18:09:23 - INFO - Успішне підключення до https://rozetka.pl/427188485/p427188485/characteristics/
2024-10-18 18:09:23 - INFO - Детальна специфікація продукту отримана успішно
2024-10-18 18:09:23 - INFO - Назва продукту отримана успішно
2024-10-18 18:09:23 - INFO - Ціна продукту отримана успішно
2024-10-18 18:09:23 - INFO - Посилання на продукт отримано успішно
2024-10-18 18:09:24 - INFO - Успішне підключення до https://rozetka.pl/427185338/p427185338/
2024-10-18 18:09:24 - INFO - Отримано посилання на специфікацію продукту
2024-10-18 18:09:24 - INFO - Успішне підключення до https://rozetka.pl/427185338/p427185338/characteristics/
2024-10-18 18:09:24 - INFO - Детальна специфікація продукту отримана успішно
2024-10-18 18:09:24 - INFO - Назва продукту отримана успішно
2024-10-18 18:09:24 - INFO - Ціна продукту отримана успішно
2024-10-18 18:09:24 - INFO - Посилання на продукт отримано успішно
2024-10-18 18:09:25 - INFO - Успішне підключення до https://rozetka.pl/427138661/p427138661/
2024-10-18 18:09:25 - INFO - Отримано посилання на специфікацію продукту
2024-10-18 18:09:26 - INFO - Успішне підключення до https://rozetka.pl/427138661/p427138661/characteristics/
2024-10-18 18:09:26 - INFO - Детальна специфікація продукту отримана успішно
2024-10-18 18:09:26 - INFO - Назва продукту отримана успішно
2024-10-18 18:09:26 - INFO - Ціна продукту отримана успішно
2024-10-18 18:09:26 - INFO - Посилання на продукт отримано успішно
2024-10-18 18:09:27 - INFO - Успішне підключення до https://rozetka.pl/427137140/p427137140/
2024-10-18 18:09:27 - INFO - Отримано посилання на специфікацію продукту
2024-10-18 18:09:27 - INFO - Успішне підключення до https://rozetka.pl/427137140/p427137140/characteristics/
2024-10-18 18:09:27 - INFO - Детальна специфікація продукту отримана успішно
2024-10-18 18:09:27 - INFO - Назва продукту отримана успішно
2024-10-18 18:09:27 - INFO - Ціна продукту отримана успішно
2024-10-18 18:09:27 - INFO - Посилання на продукт отримано успішно
2024-10-18 18:09:28 - INFO - Успішне підключення до https://rozetka.pl/426649455/p426649455/
2024-10-18 18:09:28 - INFO - Отримано посилання на специфікацію продукту
2024-10-18 18:09:29 - INFO - Успішне підключення до https://rozetka.pl/426649455/p426649455/characteristics/
2024-10-18 18:09:29 - INFO - Детальна специфікація продукту отримана успішно
2024-10-18 18:09:29 - INFO - Назва продукту отримана успішно
2024-10-18 18:09:29 - INFO - Ціна продукту отримана успішно
2024-10-18 18:09:29 - INFO - Посилання на продукт отримано успішно
2024-10-18 18:09:30 - INFO - Успішне підключення до https://rozetka.pl/425495661/p425495661/
2024-10-18 18:09:30 - INFO - Отримано посилання на специфікацію продукту
2024-10-18 18:09:30 - INFO - Успішне підключення до https://rozetka.pl/425495661/p425495661/characteristics/
2024-10-18 18:09:30 - INFO - Детальна специфікація продукту отримана успішно
2024-10-18 18:09:30 - INFO - Назва продукту отримана успішно
2024-10-18 18:09:30 - INFO - Ціна продукту отримана успішно
2024-10-18 18:09:30 - INFO - Посилання на продукт отримано успішно
2024-10-18 18:09:31 - INFO - Успішне підключення до https://rozetka.pl/425495154/p425495154/
2024-10-18 18:09:31 - INFO - Отримано посилання на специфікацію продукту
2024-10-18 18:09:32 - INFO - Успішне підключення до https://rozetka.pl/425495154/p425495154/characteristics/
2024-10-18 18:09:32 - INFO - Детальна специфікація продукту отримана успішно
2024-10-18 18:09:32 - INFO - Назва продукту отримана успішно
2024-10-18 18:09:32 - INFO - Ціна продукту отримана успішно
2024-10-18 18:09:33 - INFO - Успішне підключення до https://rozetka.pl/laptopy-80004/c80004/page={3};producer=apple/
2024-10-18 18:09:33 - INFO - Посилання на продукт отримано успішно
2024-10-18 18:09:34 - INFO - Успішне підключення до https://rozetka.pl/425494497/p425494497/
2024-10-18 18:09:34 - INFO - Отримано посилання на специфікацію продукту
2024-10-18 18:09:35 - INFO - Успішне підключення до https://rozetka.pl/425494497/p425494497/characteristics/
2024-10-18 18:09:35 - INFO - Детальна специфікація продукту отримана успішно
2024-10-18 18:09:35 - INFO - Назва продукту отримана успішно
2024-10-18 18:09:35 - INFO - Ціна продукту отримана успішно
2024-10-18 18:09:35 - INFO - Посилання на продукт отримано успішно
2024-10-18 18:09:36 - INFO - Успішне підключення до https://rozetka.pl/425482485/p425482485/
2024-10-18 18:09:36 - INFO - Отримано посилання на специфікацію продукту
2024-10-18 18:09:36 - INFO - Успішне підключення до https://rozetka.pl/425482485/p425482485/characteristics/
2024-10-18 18:09:36 - INFO - Детальна специфікація продукту отримана успішно
2024-10-18 18:09:36 - INFO - Назва продукту отримана успішно
2024-10-18 18:09:36 - INFO - Ціна продукту отримана успішно
2024-10-18 18:09:36 - INFO - Посилання на продукт отримано успішно
2024-10-18 18:09:37 - INFO - Успішне підключення до https://rozetka.pl/420278427/p420278427/
2024-10-18 18:09:37 - INFO - Отримано посилання на специфікацію продукту
2024-10-18 18:09:38 - INFO - Успішне підключення до https://rozetka.pl/420278427/p420278427/characteristics/
2024-10-18 18:09:38 - INFO - Детальна специфікація продукту отримана успішно
2024-10-18 18:09:38 - INFO - Назва продукту отримана успішно
2024-10-18 18:09:38 - INFO - Ціна продукту отримана успішно
2024-10-18 18:09:38 - INFO - Посилання на продукт отримано успішно
2024-10-18 18:09:39 - INFO - Успішне підключення до https://rozetka.pl/419301582/p419301582/
2024-10-18 18:09:39 - INFO - Отримано посилання на специфікацію продукту
2024-10-18 18:09:39 - INFO - Успішне підключення до https://rozetka.pl/419301582/p419301582/characteristics/
2024-10-18 18:09:39 - INFO - Детальна специфікація продукту отримана успішно
2024-10-18 18:09:39 - INFO - Назва продукту отримана успішно
2024-10-18 18:09:39 - INFO - Ціна продукту отримана успішно
2024-10-18 18:09:39 - INFO - Посилання на продукт отримано успішно
2024-10-18 18:09:40 - INFO - Успішне підключення до https://rozetka.pl/417844569/p417844569/
2024-10-18 18:09:40 - INFO - Отримано посилання на специфікацію продукту
2024-10-18 18:09:41 - INFO - Успішне підключення до https://rozetka.pl/417844569/p417844569/characteristics/
2024-10-18 18:09:41 - INFO - Детальна специфікація продукту отримана успішно
2024-10-18 18:09:41 - INFO - Назва продукту отримана успішно
2024-10-18 18:09:41 - INFO - Ціна продукту отримана успішно
2024-10-18 18:09:41 - INFO - Посилання на продукт отримано успішно
2024-10-18 18:09:42 - INFO - Успішне підключення до https://rozetka.pl/417844530/p417844530/
2024-10-18 18:09:42 - INFO - Отримано посилання на специфікацію продукту
2024-10-18 18:09:43 - INFO - Успішне підключення до https://rozetka.pl/417844530/p417844530/characteristics/
2024-10-18 18:09:43 - INFO - Детальна специфікація продукту отримана успішно
2024-10-18 18:09:43 - INFO - Назва продукту отримана успішно
2024-10-18 18:09:43 - INFO - Ціна продукту отримана успішно
2024-10-18 18:09:43 - INFO - Посилання на продукт отримано успішно
2024-10-18 18:09:43 - INFO - Успішне підключення до https://rozetka.pl/417844167/p417844167/
2024-10-18 18:09:43 - INFO - Отримано посилання на специфікацію продукту
2024-10-18 18:09:44 - INFO - Успішне підключення до https://rozetka.pl/417844167/p417844167/characteristics/
2024-10-18 18:09:44 - INFO - Детальна специфікація продукту отримана успішно
2024-10-18 18:09:44 - INFO - Назва продукту отримана успішно
2024-10-18 18:09:44 - INFO - Ціна продукту отримана успішно
2024-10-18 18:09:44 - INFO - Посилання на продукт отримано успішно
2024-10-18 18:09:45 - INFO - Успішне підключення до https://rozetka.pl/417844155/p417844155/
2024-10-18 18:09:45 - INFO - Отримано посилання на специфікацію продукту
2024-10-18 18:09:45 - INFO - Успішне підключення до https://rozetka.pl/417844155/p417844155/characteristics/
2024-10-18 18:09:45 - INFO - Детальна специфікація продукту отримана успішно
2024-10-18 18:09:45 - INFO - Назва продукту отримана успішно
2024-10-18 18:09:45 - INFO - Ціна продукту отримана успішно
2024-10-18 18:09:45 - INFO - Посилання на продукт отримано успішно
2024-10-18 18:09:46 - INFO - Успішне підключення до https://rozetka.pl/415170633/p415170633/
2024-10-18 18:09:46 - INFO - Отримано посилання на специфікацію продукту
2024-10-18 18:09:47 - INFO - Успішне підключення до https://rozetka.pl/415170633/p415170633/characteristics/
2024-10-18 18:09:47 - INFO - Детальна специфікація продукту отримана успішно
2024-10-18 18:09:47 - INFO - Назва продукту отримана успішно
2024-10-18 18:09:47 - INFO - Ціна продукту отримана успішно
2024-10-18 18:09:47 - INFO - Посилання на продукт отримано успішно
2024-10-18 18:09:48 - INFO - Успішне підключення до https://rozetka.pl/388906191/p388906191/
2024-10-18 18:09:48 - INFO - Отримано посилання на специфікацію продукту
2024-10-18 18:09:48 - INFO - Успішне підключення до https://rozetka.pl/388906191/p388906191/characteristics/
2024-10-18 18:09:48 - INFO - Детальна специфікація продукту отримана успішно
2024-10-18 18:09:48 - INFO - Назва продукту отримана успішно
2024-10-18 18:09:48 - INFO - Ціна продукту отримана успішно
2024-10-18 18:09:48 - INFO - Посилання на продукт отримано успішно
2024-10-18 18:09:49 - INFO - Успішне підключення до https://rozetka.pl/370998258/p370998258/
2024-10-18 18:09:49 - INFO - Отримано посилання на специфікацію продукту
2024-10-18 18:09:50 - INFO - Успішне підключення до https://rozetka.pl/370998258/p370998258/characteristics/
2024-10-18 18:09:50 - INFO - Детальна специфікація продукту отримана успішно
2024-10-18 18:09:50 - INFO - Назва продукту отримана успішно
2024-10-18 18:09:50 - INFO - Ціна продукту отримана успішно
2024-10-18 18:09:50 - INFO - Посилання на продукт отримано успішно
2024-10-18 18:09:50 - INFO - Успішне підключення до https://rozetka.pl/368683059/p368683059/
2024-10-18 18:09:50 - INFO - Отримано посилання на специфікацію продукту
2024-10-18 18:09:51 - INFO - Успішне підключення до https://rozetka.pl/368683059/p368683059/characteristics/
2024-10-18 18:09:51 - INFO - Детальна специфікація продукту отримана успішно
2024-10-18 18:09:51 - INFO - Назва продукту отримана успішно
2024-10-18 18:09:51 - INFO - Ціна продукту отримана успішно
2024-10-18 18:09:51 - INFO - Посилання на продукт отримано успішно
2024-10-18 18:09:52 - INFO - Успішне підключення до https://rozetka.pl/446983934/p446983934/
2024-10-18 18:09:52 - INFO - Отримано посилання на специфікацію продукту
2024-10-18 18:09:53 - INFO - Успішне підключення до https://rozetka.pl/446983934/p446983934/characteristics/
2024-10-18 18:09:53 - INFO - Детальна специфікація продукту отримана успішно
2024-10-18 18:09:53 - INFO - Назва продукту отримана успішно
2024-10-18 18:09:53 - WARNING - Не вдалося отримати ціну продукту.
2024-10-18 18:09:53 - INFO - Посилання на продукт отримано успішно
2024-10-18 18:09:53 - INFO - Успішне підключення до https://rozetka.pl/446983922/p446983922/
2024-10-18 18:09:53 - INFO - Отримано посилання на специфікацію продукту
2024-10-18 18:09:54 - INFO - Успішне підключення до https://rozetka.pl/446983922/p446983922/characteristics/
2024-10-18 18:09:54 - INFO - Детальна специфікація продукту отримана успішно
2024-10-18 18:09:54 - INFO - Назва продукту отримана успішно
2024-10-18 18:09:54 - WARNING - Не вдалося отримати ціну продукту.
2024-10-18 18:09:54 - INFO - Посилання на продукт отримано успішно
2024-10-18 18:09:55 - INFO - Успішне підключення до https://rozetka.pl/445525724/p445525724/
2024-10-18 18:09:55 - INFO - Отримано посилання на специфікацію продукту
2024-10-18 18:09:56 - INFO - Успішне підключення до https://rozetka.pl/445525724/p445525724/characteristics/
2024-10-18 18:09:56 - INFO - Детальна специфікація продукту отримана успішно
2024-10-18 18:09:56 - INFO - Назва продукту отримана успішно
2024-10-18 18:09:56 - WARNING - Не вдалося отримати ціну продукту.
2024-10-18 18:09:56 - INFO - Посилання на продукт отримано успішно
2024-10-18 18:09:56 - INFO - Успішне підключення до https://rozetka.pl/446983820/p446983820/
2024-10-18 18:09:56 - INFO - Отримано посилання на специфікацію продукту
2024-10-18 18:09:57 - INFO - Успішне підключення до https://rozetka.pl/446983820/p446983820/characteristics/
2024-10-18 18:09:57 - INFO - Детальна специфікація продукту отримана успішно
2024-10-18 18:09:57 - INFO - Назва продукту отримана успішно
2024-10-18 18:09:57 - WARNING - Не вдалося отримати ціну продукту.
2024-10-18 18:09:57 - INFO - Посилання на продукт отримано успішно
2024-10-18 18:09:58 - INFO - Успішне підключення до https://rozetka.pl/446983715/p446983715/
2024-10-18 18:09:58 - INFO - Отримано посилання на специфікацію продукту
2024-10-18 18:09:58 - INFO - Успішне підключення до https://rozetka.pl/446983715/p446983715/characteristics/
2024-10-18 18:09:58 - INFO - Детальна специфікація продукту отримана успішно
2024-10-18 18:09:58 - INFO - Назва продукту отримана успішно
2024-10-18 18:09:58 - WARNING - Не вдалося отримати ціну продукту.
2024-10-18 18:09:58 - INFO - Посилання на продукт отримано успішно
2024-10-18 18:09:59 - INFO - Успішне підключення до https://rozetka.pl/446983676/p446983676/
2024-10-18 18:09:59 - INFO - Отримано посилання на специфікацію продукту
2024-10-18 18:10:00 - INFO - Успішне підключення до https://rozetka.pl/446983676/p446983676/characteristics/
2024-10-18 18:10:00 - INFO - Детальна специфікація продукту отримана успішно
2024-10-18 18:10:00 - INFO - Назва продукту отримана успішно
2024-10-18 18:10:00 - WARNING - Не вдалося отримати ціну продукту.
2024-10-18 18:10:00 - INFO - Посилання на продукт отримано успішно
2024-10-18 18:10:01 - INFO - Успішне підключення до https://rozetka.pl/446983598/p446983598/
2024-10-18 18:10:01 - INFO - Отримано посилання на специфікацію продукту
2024-10-18 18:10:01 - INFO - Успішне підключення до https://rozetka.pl/446983598/p446983598/characteristics/
2024-10-18 18:10:01 - INFO - Детальна специфікація продукту отримана успішно
2024-10-18 18:10:01 - INFO - Назва продукту отримана успішно
2024-10-18 18:10:01 - WARNING - Не вдалося отримати ціну продукту.
2024-10-18 18:10:01 - INFO - Посилання на продукт отримано успішно
2024-10-18 18:10:02 - INFO - Успішне підключення до https://rozetka.pl/446983562/p446983562/
2024-10-18 18:10:02 - INFO - Отримано посилання на специфікацію продукту
2024-10-18 18:10:03 - INFO - Успішне підключення до https://rozetka.pl/446983562/p446983562/characteristics/
2024-10-18 18:10:03 - INFO - Детальна специфікація продукту отримана успішно
2024-10-18 18:10:03 - INFO - Назва продукту отримана успішно
2024-10-18 18:10:03 - WARNING - Не вдалося отримати ціну продукту.
2024-10-18 18:10:03 - INFO - Посилання на продукт отримано успішно
2024-10-18 18:10:04 - INFO - Успішне підключення до https://rozetka.pl/446980964/p446980964/
2024-10-18 18:10:04 - INFO - Отримано посилання на специфікацію продукту
2024-10-18 18:10:04 - INFO - Успішне підключення до https://rozetka.pl/446980964/p446980964/characteristics/
2024-10-18 18:10:04 - INFO - Детальна специфікація продукту отримана успішно
2024-10-18 18:10:04 - INFO - Назва продукту отримана успішно
2024-10-18 18:10:04 - WARNING - Не вдалося отримати ціну продукту.
2024-10-18 18:10:04 - INFO - Посилання на продукт отримано успішно
2024-10-18 18:10:05 - INFO - Успішне підключення до https://rozetka.pl/446978546/p446978546/
2024-10-18 18:10:05 - INFO - Отримано посилання на специфікацію продукту
2024-10-18 18:10:06 - INFO - Успішне підключення до https://rozetka.pl/446978546/p446978546/characteristics/
2024-10-18 18:10:06 - INFO - Детальна специфікація продукту отримана успішно
2024-10-18 18:10:06 - INFO - Назва продукту отримана успішно
2024-10-18 18:10:06 - WARNING - Не вдалося отримати ціну продукту.
2024-10-18 18:10:06 - INFO - Посилання на продукт отримано успішно
2024-10-18 18:10:07 - INFO - Успішне підключення до https://rozetka.pl/446975807/p446975807/
2024-10-18 18:10:07 - INFO - Отримано посилання на специфікацію продукту
2024-10-18 18:10:07 - INFO - Успішне підключення до https://rozetka.pl/446975807/p446975807/characteristics/
2024-10-18 18:10:07 - INFO - Детальна специфікація продукту отримана успішно
2024-10-18 18:10:07 - INFO - Назва продукту отримана успішно
2024-10-18 18:10:07 - WARNING - Не вдалося отримати ціну продукту.
2024-10-18 18:10:07 - INFO - Посилання на продукт отримано успішно
2024-10-18 18:10:08 - INFO - Успішне підключення до https://rozetka.pl/445526537/p445526537/
2024-10-18 18:10:08 - INFO - Отримано посилання на специфікацію продукту
2024-10-18 18:10:09 - INFO - Успішне підключення до https://rozetka.pl/445526537/p445526537/characteristics/
2024-10-18 18:10:09 - INFO - Детальна специфікація продукту отримана успішно
2024-10-18 18:10:09 - INFO - Назва продукту отримана успішно
2024-10-18 18:10:09 - WARNING - Не вдалося отримати ціну продукту.
2024-10-18 18:10:09 - INFO - Посилання на продукт отримано успішно
2024-10-18 18:10:10 - INFO - Успішне підключення до https://rozetka.pl/445526504/p445526504/
2024-10-18 18:10:10 - INFO - Отримано посилання на специфікацію продукту
2024-10-18 18:10:10 - INFO - Успішне підключення до https://rozetka.pl/445526504/p445526504/characteristics/
2024-10-18 18:10:10 - INFO - Детальна специфікація продукту отримана успішно
2024-10-18 18:10:10 - INFO - Назва продукту отримана успішно
2024-10-18 18:10:10 - WARNING - Не вдалося отримати ціну продукту.
2024-10-18 18:10:10 - INFO - Посилання на продукт отримано успішно
2024-10-18 18:10:11 - INFO - Успішне підключення до https://rozetka.pl/445526465/p445526465/
2024-10-18 18:10:11 - INFO - Отримано посилання на специфікацію продукту
2024-10-18 18:10:12 - INFO - Успішне підключення до https://rozetka.pl/445526465/p445526465/characteristics/
2024-10-18 18:10:12 - INFO - Детальна специфікація продукту отримана успішно
2024-10-18 18:10:12 - INFO - Назва продукту отримана успішно
2024-10-18 18:10:12 - WARNING - Не вдалося отримати ціну продукту.
2024-10-18 18:10:12 - INFO - Збір даних завершено. Загальна кількість зібраних продуктів: 146
2024-10-18 18:10:12 - INFO - --------Дані збережено в файл: ./Raw_data/Raw_data_2024-10-18_18-10-12.csv
